<?xml version='1.0'?>
<ns2:test-suite xmlns:ns2='urn:model.allure.qatools.yandex.ru' start='1669273194780' stop='1669273236984'>
    <name>Validating UKG Single order</name>
    <title>Validating UKG Single order</title>
    <test-cases>
        <test-case start='1669273194780' status='passed' stop='1669273199590'>
            <name>Adding json to collections for generating the Order Id</name>
            <title>Adding json to collections for generating the Order Id</title>
            <labels>
                <label name='language' value='javascript'/>
                <label name='framework' value='wdio'/>
                <label name='thread' value='0-0'/>
            </labels>
            <parameters>
                <parameter kind='argument' name='browser' value='chrome-107.0.5304.110'/>
            </parameters>
            <steps>
                <step start='1669273194781' status='undefined'>
                    <name>Adding order to Sales order Collection</name>
                    <title>Adding order to Sales order Collection</title>
                    <attachments/>
                    <steps>
                        <step start='1669273196392' status='undefined'>
                            <name>Adding order to Sales Sub order Collection</name>
                            <title>Adding order to Sales Sub order Collection</title>
                            <attachments/>
                            <steps>
                                <step start='1669273198031' status='passed' stop='1669273199588'>
                                    <name>Adding order to draft order Collection</name>
                                    <title>Adding order to draft order Collection</title>
                                    <attachments/>
                                    <steps/>
                                </step>
                            </steps>
                        </step>
                    </steps>
                </step>
            </steps>
            <attachments/>
        </test-case>
        <test-case start='1669273199590' status='passed' stop='1669273227387'>
            <name>log in into oms</name>
            <title>log in into oms</title>
            <labels>
                <label name='language' value='javascript'/>
                <label name='framework' value='wdio'/>
                <label name='thread' value='0-0'/>
            </labels>
            <parameters>
                <parameter kind='argument' name='browser' value='chrome-107.0.5304.110'/>
            </parameters>
            <steps>
                <step start='1669273199591' status='undefined'>
                    <name>Maximize the window</name>
                    <title>Maximize the window</title>
                    <attachments/>
                    <steps>
                        <step start='1669273199725' status='passed' stop='1669273202721'>
                            <name>Open Byjus OMS page</name>
                            <title>Open Byjus OMS page</title>
                            <attachments/>
                            <steps/>
                        </step>
                        <step start='1669273202721' status='undefined'>
                            <name>Login to the Home page</name>
                            <title>Login to the Home page</title>
                            <attachments/>
                            <steps/>
                        </step>
                    </steps>
                </step>
            </steps>
            <attachments/>
        </test-case>
        <test-case start='1669273227388' status='broken' stop='1669273227552'>
            <name>Verifying the Sales order Id details</name>
            <title>Verifying the Sales order Id details</title>
            <labels>
                <label name='language' value='javascript'/>
                <label name='framework' value='wdio'/>
                <label name='thread' value='0-0'/>
            </labels>
            <parameters>
                <parameter kind='argument' name='browser' value='chrome-107.0.5304.110'/>
            </parameters>
            <steps>
                <step start='1669273227389' status='broken' stop='1669273227552'>
                    <name>Verifying the Sales order Id details</name>
                    <title>Verifying the Sales order Id details</title>
                    <attachments>
                        <attachment title='Screenshot' source='b7a941d8-4f3d-4bab-a20e-50e7ef3d9853-attachment.png' type='image/png' size='162429'/>
                    </attachments>
                    <steps/>
                </step>
            </steps>
            <attachments/>
            <failure>
                <message>this.ordersTab.waitForClickable is not a function</message>
                <stack-trace>TypeError: this.ordersTab.waitForClickable is not a function
                    at verifyOmsOrderDetails.openSoIdVerifyDetails (/Users/shrinathmotappamirashi/Documents/seenu/qa-automation-oms/oms/oos/pages/verifyOmsOrderDetails.js:254:30)
                    at Context.&lt;anonymous> (/Users/shrinathmotappamirashi/Documents/seenu/qa-automation-oms/oms/oos/test/tlp-orders/single-order/ukg-order/cbse/testTlpSingleOrderLkg.js:43:37)</stack-trace>
            </failure>
        </test-case>
        <test-case start='1669273227552' status='broken' stop='1669273227712'>
            <name>Verify PID is generated</name>
            <title>Verify PID is generated</title>
            <labels>
                <label name='language' value='javascript'/>
                <label name='framework' value='wdio'/>
                <label name='thread' value='0-0'/>
            </labels>
            <parameters>
                <parameter kind='argument' name='browser' value='chrome-107.0.5304.110'/>
            </parameters>
            <steps>
                <step start='1669273227553' status='broken' stop='1669273227712'>
                    <name>Scroll to PID button</name>
                    <title>Scroll to PID button</title>
                    <attachments>
                        <attachment title='Screenshot' source='7c650a08-c658-48bb-a53c-df19df3a65ef-attachment.png' type='image/png' size='178722'/>
                    </attachments>
                    <steps/>
                </step>
            </steps>
            <attachments/>
            <failure>
                <message>_verifyOmsOrderDetails.default.verifyPid.scrollIntoView is not a function</message>
                <stack-trace>TypeError: _verifyOmsOrderDetails.default.verifyPid.scrollIntoView is not a function
                    at Context.&lt;anonymous> (/Users/shrinathmotappamirashi/Documents/seenu/qa-automation-oms/oms/oos/test/tlp-orders/single-order/ukg-order/cbse/testTlpSingleOrderLkg.js:58:47)</stack-trace>
            </failure>
        </test-case>
        <test-case start='1669273227712' status='broken' stop='1669273227853'>
            <name>Verify the shipment skus and skus name</name>
            <title>Verify the shipment skus and skus name</title>
            <labels>
                <label name='language' value='javascript'/>
                <label name='framework' value='wdio'/>
                <label name='thread' value='0-0'/>
            </labels>
            <parameters>
                <parameter kind='argument' name='browser' value='chrome-107.0.5304.110'/>
            </parameters>
            <steps/>
            <attachments>
                <attachment title='Screenshot' source='0acf04e1-72af-4317-b2e0-c599979e0572-attachment.png' type='image/png' size='178722'/>
            </attachments>
            <failure>
                <message>_verifyOmsOrderDetails.default.toggleToSalesSku.click is not a function</message>
                <stack-trace>TypeError: _verifyOmsOrderDetails.default.toggleToSalesSku.click is not a function
                    at Context.&lt;anonymous> (/Users/shrinathmotappamirashi/Documents/seenu/qa-automation-oms/oms/oos/test/tlp-orders/single-order/ukg-order/cbse/testTlpSingleOrderLkg.js:69:54)</stack-trace>
            </failure>
        </test-case>
        <test-case start='1669273227853' status='passed' stop='1669273233585'>
            <name>Verify the sales skus and skus names</name>
            <title>Verify the sales skus and skus names</title>
            <labels>
                <label name='language' value='javascript'/>
                <label name='framework' value='wdio'/>
                <label name='thread' value='0-0'/>
            </labels>
            <parameters>
                <parameter kind='argument' name='browser' value='chrome-107.0.5304.110'/>
            </parameters>
            <steps>
                <step start='1669273230718' status='undefined'>
                    <name>Validate the sales sku's</name>
                    <title>Validate the sales sku's</title>
                    <attachments/>
                    <steps>
                        <step start='1669273230720' status='undefined'>
                            <name>Validatation done for sales sku's</name>
                            <title>Validatation done for sales sku's</title>
                            <attachments/>
                            <steps>
                                <step start='1669273230720' status='undefined'>
                                    <name>Validate the shipment sku's names</name>
                                    <title>Validate the shipment sku's names</title>
                                    <attachments/>
                                    <steps>
                                        <step start='1669273233584' status='passed' stop='1669273233585'>
                                            <name>Validatation done for shipment sku's names</name>
                                            <title>Validatation done for shipment sku's names</title>
                                            <attachments/>
                                            <steps/>
                                        </step>
                                    </steps>
                                </step>
                            </steps>
                        </step>
                    </steps>
                </step>
            </steps>
            <attachments/>
        </test-case>
        <test-case start='1669273233586' status='broken' stop='1669273233773'>
            <name>Verifying changing the status to Confirmed and Verify the order status history</name>
            <title>Verifying changing the status to Confirmed and Verify the order status history</title>
            <labels>
                <label name='language' value='javascript'/>
                <label name='framework' value='wdio'/>
                <label name='thread' value='0-0'/>
            </labels>
            <parameters>
                <parameter kind='argument' name='browser' value='chrome-107.0.5304.110'/>
            </parameters>
            <steps>
                <step start='1669273233586' status='broken' stop='1669273233773'>
                    <name>Verify change status to Confirmed and verify order status history</name>
                    <title>Verify change status to Confirmed and verify order status history</title>
                    <attachments>
                        <attachment title='Screenshot' source='0acefec0-3e43-4b4e-91b1-aec6b4419a30-attachment.png' type='image/png' size='178722'/>
                    </attachments>
                    <steps/>
                </step>
            </steps>
            <attachments/>
            <failure>
                <message>this.ordersTab.waitForDisplayed is not a function</message>
                <stack-trace>TypeError: this.ordersTab.waitForDisplayed is not a function
                    at verifyOmsOrderDetails.statusConfirmedAndVerifyOrderStatusHistory (/Users/shrinathmotappamirashi/Documents/seenu/qa-automation-oms/oms/oos/pages/verifyOmsOrderDetails.js:279:30)
                    at Context.&lt;anonymous> (/Users/shrinathmotappamirashi/Documents/seenu/qa-automation-oms/oms/oos/test/tlp-orders/single-order/ukg-order/cbse/testTlpSingleOrderLkg.js:111:37)</stack-trace>
            </failure>
        </test-case>
        <test-case start='1669273233773' status='broken' stop='1669273234035'>
            <name>Verifying the order details and payment values from UI are equal to the values in Kart collection</name>
            <title>Verifying the order details and payment values from UI are equal to the values in Kart collection</title>
            <labels>
                <label name='language' value='javascript'/>
                <label name='framework' value='wdio'/>
                <label name='thread' value='0-0'/>
            </labels>
            <parameters>
                <parameter kind='argument' name='browser' value='chrome-107.0.5304.110'/>
            </parameters>
            <steps>
                <step start='1669273233774' status='broken' stop='1669273234035'>
                    <name>Maximize the window</name>
                    <title>Maximize the window</title>
                    <attachments>
                        <attachment title='Screenshot' source='c90c2cb7-9592-43af-8b82-a60355624895-attachment.png' type='image/png' size='178722'/>
                    </attachments>
                    <steps/>
                </step>
            </steps>
            <attachments/>
            <failure>
                <message>this.ordersTab.waitForClickable is not a function</message>
                <stack-trace>TypeError: this.ordersTab.waitForClickable is not a function
                    at verifyOmsOrderDetails.openSoIdVerifyDetails (/Users/shrinathmotappamirashi/Documents/seenu/qa-automation-oms/oms/oos/pages/verifyOmsOrderDetails.js:254:30)
                    at Context.&lt;anonymous> (/Users/shrinathmotappamirashi/Documents/seenu/qa-automation-oms/oms/oos/test/tlp-orders/single-order/ukg-order/cbse/testTlpSingleOrderLkg.js:118:37)
                    at processTicksAndRejections (node:internal/process/task_queues:96:5)</stack-trace>
            </failure>
        </test-case>
        <test-case start='1669273234035' status='broken' stop='1669273236984'>
            <name>Verify sales and customer details</name>
            <title>Verify sales and customer details</title>
            <labels>
                <label name='language' value='javascript'/>
                <label name='framework' value='wdio'/>
                <label name='thread' value='0-0'/>
            </labels>
            <parameters>
                <parameter kind='argument' name='browser' value='chrome-107.0.5304.110'/>
            </parameters>
            <steps>
                <step start='1669273234036' status='broken' stop='1669273236984'>
                    <name>Get address details from draft order Id collection</name>
                    <title>Get address details from draft order Id collection</title>
                    <attachments/>
                    <steps>
                        <step start='1669273235400' status='broken' stop='1669273236984'>
                            <name>Get customer details from draft order Id collection</name>
                            <title>Get customer details from draft order Id collection</title>
                            <attachments/>
                            <steps>
                                <step start='1669273236816' status='broken' stop='1669273236984'>
                                    <name>Copy sales and customer details from UI</name>
                                    <title>Copy sales and customer details from UI</title>
                                    <attachments>
                                        <attachment title='Screenshot' source='19c1d860-093d-4350-a4b5-5a97b3221006-attachment.png' type='image/png' size='178722'/>
                                    </attachments>
                                    <steps/>
                                </step>
                            </steps>
                        </step>
                    </steps>
                </step>
            </steps>
            <attachments/>
            <failure>
                <message>this.btnSalesAndCustomerDetails.waitForClickable is not a function</message>
                <stack-trace>TypeError: this.btnSalesAndCustomerDetails.waitForClickable is not a function
                    at verifyOmsOrderDetails.verifySalesAndCustomerDetails (/Users/shrinathmotappamirashi/Documents/seenu/qa-automation-oms/oms/oos/pages/verifyOmsOrderDetails.js:360:47)
                    at Context.&lt;anonymous> (/Users/shrinathmotappamirashi/Documents/seenu/qa-automation-oms/oms/oos/test/tlp-orders/single-order/ukg-order/cbse/testTlpSingleOrderLkg.js:136:49)
                    at processTicksAndRejections (node:internal/process/task_queues:96:5)</stack-trace>
            </failure>
        </test-case>
    </test-cases>
</ns2:test-suite>