<?xml version='1.0'?>
<ns2:test-suite xmlns:ns2='urn:model.allure.qatools.yandex.ru' start='1669380179586' stop='1669380294132'>
    <name>Validating UKG Single order</name>
    <title>Validating UKG Single order</title>
    <test-cases>
        <test-case start='1669380179586' status='passed' stop='1669380184740'>
            <name>Adding json to collections for generating the Order Id</name>
            <title>Adding json to collections for generating the Order Id</title>
            <labels>
                <label name='language' value='javascript'/>
                <label name='framework' value='wdio'/>
                <label name='thread' value='0-0'/>
            </labels>
            <parameters>
                <parameter kind='argument' name='browser' value='chrome-107.0.5304.110'/>
            </parameters>
            <steps>
                <step start='1669380179587' status='undefined'>
                    <name>Adding order to Sales order Collection</name>
                    <title>Adding order to Sales order Collection</title>
                    <attachments/>
                    <steps>
                        <step start='1669380181557' status='undefined'>
                            <name>Adding order to Sales Sub order Collection</name>
                            <title>Adding order to Sales Sub order Collection</title>
                            <attachments/>
                            <steps>
                                <step start='1669380183001' status='passed' stop='1669380184739'>
                                    <name>Adding order to draft order Collection</name>
                                    <title>Adding order to draft order Collection</title>
                                    <attachments/>
                                    <steps/>
                                </step>
                            </steps>
                        </step>
                    </steps>
                </step>
            </steps>
            <attachments/>
        </test-case>
        <test-case start='1669380184741' status='passed' stop='1669380212508'>
            <name>log in into oms</name>
            <title>log in into oms</title>
            <labels>
                <label name='language' value='javascript'/>
                <label name='framework' value='wdio'/>
                <label name='thread' value='0-0'/>
            </labels>
            <parameters>
                <parameter kind='argument' name='browser' value='chrome-107.0.5304.110'/>
            </parameters>
            <steps>
                <step start='1669380184741' status='undefined'>
                    <name>Maximize the window</name>
                    <title>Maximize the window</title>
                    <attachments/>
                    <steps>
                        <step start='1669380184883' status='passed' stop='1669380190079'>
                            <name>Open Byjus OMS page</name>
                            <title>Open Byjus OMS page</title>
                            <attachments/>
                            <steps/>
                        </step>
                        <step start='1669380190079' status='undefined'>
                            <name>Login to the Home page</name>
                            <title>Login to the Home page</title>
                            <attachments/>
                            <steps/>
                        </step>
                    </steps>
                </step>
            </steps>
            <attachments/>
        </test-case>
        <test-case start='1669380212509' status='passed' stop='1669380217538'>
            <name>Verifying the Sales order Id details</name>
            <title>Verifying the Sales order Id details</title>
            <labels>
                <label name='language' value='javascript'/>
                <label name='framework' value='wdio'/>
                <label name='thread' value='0-0'/>
            </labels>
            <parameters>
                <parameter kind='argument' name='browser' value='chrome-107.0.5304.110'/>
            </parameters>
            <steps>
                <step start='1669380212509' status='undefined'>
                    <name>Verifying the Sales order Id details</name>
                    <title>Verifying the Sales order Id details</title>
                    <attachments/>
                    <steps/>
                </step>
            </steps>
            <attachments/>
        </test-case>
        <test-case start='1669380217538' status='passed' stop='1669380218092'>
            <name>Verify PID is generated</name>
            <title>Verify PID is generated</title>
            <labels>
                <label name='language' value='javascript'/>
                <label name='framework' value='wdio'/>
                <label name='thread' value='0-0'/>
            </labels>
            <parameters>
                <parameter kind='argument' name='browser' value='chrome-107.0.5304.110'/>
            </parameters>
            <steps>
                <step start='1669380217538' status='undefined'>
                    <name>Scroll to PID button</name>
                    <title>Scroll to PID button</title>
                    <attachments/>
                    <steps>
                        <step start='1669380218079' status='passed' stop='1669380218092'>
                            <name>Verify the PID is displayed</name>
                            <title>Verify the PID is displayed</title>
                            <attachments/>
                            <steps/>
                        </step>
                    </steps>
                </step>
            </steps>
            <attachments/>
        </test-case>
        <test-case start='1669380218092' status='failed' stop='1669380221187'>
            <name>Verify the shipment skus and skus name</name>
            <title>Verify the shipment skus and skus name</title>
            <labels>
                <label name='language' value='javascript'/>
                <label name='framework' value='wdio'/>
                <label name='thread' value='0-0'/>
            </labels>
            <parameters>
                <parameter kind='argument' name='browser' value='chrome-107.0.5304.110'/>
            </parameters>
            <steps>
                <step start='1669380220996' status='failed' stop='1669380221187'>
                    <name>Validate the shipment sku's</name>
                    <title>Validate the shipment sku's</title>
                    <attachments>
                        <attachment title='Screenshot' source='5b16b888-16ff-4642-96ab-1559dea9c518-attachment.png' type='image/png' size='306313'/>
                    </attachments>
                    <steps/>
                </step>
            </steps>
            <attachments/>
            <failure>
                <message>expect(received).toEqual(expected) // deep equality
                
                Expected: "D1NALKLK"
                Received: "D2NA0101"</message>
                <stack-trace>Error: expect(received).toEqual(expected) // deep equality
                
                Expected: "D1NALKLK"
                Received: "D2NA0101"
                    at Context.&lt;anonymous> (/Users/shrinathmotappamirashi/Documents/seenu/qa-automation-oms/oms/oos/test/tlp-orders/single-order/ukg-order/cbse/testTlpSingleClass1.js:76:35)
                    at processTicksAndRejections (node:internal/process/task_queues:96:5)</stack-trace>
            </failure>
        </test-case>
        <test-case start='1669380221187' status='failed' stop='1669380224115'>
            <name>Verify the sales skus and skus names</name>
            <title>Verify the sales skus and skus names</title>
            <labels>
                <label name='language' value='javascript'/>
                <label name='framework' value='wdio'/>
                <label name='thread' value='0-0'/>
            </labels>
            <parameters>
                <parameter kind='argument' name='browser' value='chrome-107.0.5304.110'/>
            </parameters>
            <steps>
                <step start='1669380223930' status='failed' stop='1669380224115'>
                    <name>Validate the sales sku's</name>
                    <title>Validate the sales sku's</title>
                    <attachments>
                        <attachment title='Screenshot' source='57f3ac2b-e069-4ea3-b1b6-9983311dbd2f-attachment.png' type='image/png' size='306313'/>
                    </attachments>
                    <steps/>
                </step>
            </steps>
            <attachments/>
            <failure>
                <message>expect(received).toEqual(expected) // deep equality
                
                Expected: "DDLKNA23"
                Received: "DD01NA23DM"</message>
                <stack-trace>Error: expect(received).toEqual(expected) // deep equality
                
                Expected: "DDLKNA23"
                Received: "DD01NA23DM"
                    at Context.&lt;anonymous> (/Users/shrinathmotappamirashi/Documents/seenu/qa-automation-oms/oms/oos/test/tlp-orders/single-order/ukg-order/cbse/testTlpSingleClass1.js:98:32)
                    at processTicksAndRejections (node:internal/process/task_queues:96:5)</stack-trace>
            </failure>
        </test-case>
        <test-case start='1669380224115' status='passed' stop='1669380234651'>
            <name>Verifying changing the status to Confirmed and Verify the order status history</name>
            <title>Verifying changing the status to Confirmed and Verify the order status history</title>
            <labels>
                <label name='language' value='javascript'/>
                <label name='framework' value='wdio'/>
                <label name='thread' value='0-0'/>
            </labels>
            <parameters>
                <parameter kind='argument' name='browser' value='chrome-107.0.5304.110'/>
            </parameters>
            <steps>
                <step start='1669380224115' status='passed' stop='1669380234650'>
                    <name>Verify change status to Confirmed and verify order status history</name>
                    <title>Verify change status to Confirmed and verify order status history</title>
                    <attachments/>
                    <steps/>
                </step>
            </steps>
            <attachments/>
        </test-case>
        <test-case start='1669380234651' status='passed' stop='1669380239910'>
            <name>Verifying the order details and payment values from UI are equal to the values in Kart collection</name>
            <title>Verifying the order details and payment values from UI are equal to the values in Kart collection</title>
            <labels>
                <label name='language' value='javascript'/>
                <label name='framework' value='wdio'/>
                <label name='thread' value='0-0'/>
            </labels>
            <parameters>
                <parameter kind='argument' name='browser' value='chrome-107.0.5304.110'/>
            </parameters>
            <steps>
                <step start='1669380234651' status='undefined'>
                    <name>Maximize the window</name>
                    <title>Maximize the window</title>
                    <attachments/>
                    <steps>
                        <step start='1669380237870' status='undefined'>
                            <name>Copy order details and payments from UI</name>
                            <title>Copy order details and payments from UI</title>
                            <attachments/>
                            <steps>
                                <step start='1669380238487' status='undefined'>
                                    <name>Get order details and payments from draft order collection</name>
                                    <title>Get order details and payments from draft order collection</title>
                                    <attachments/>
                                    <steps>
                                        <step start='1669380239909' status='undefined'>
                                            <name>Validate the payment value on sales order page is equal to Sku sub total amount</name>
                                            <title>Validate the payment value on sales order page is equal to Sku sub total amount</title>
                                            <attachments/>
                                            <steps>
                                                <step start='1669380239909' status='passed' stop='1669380239909'>
                                                    <name>Validate the order details and payment values from UI are equal to the values from DB</name>
                                                    <title>Validate the order details and payment values from UI are equal to the values from DB</title>
                                                    <attachments/>
                                                    <steps/>
                                                </step>
                                            </steps>
                                        </step>
                                    </steps>
                                </step>
                            </steps>
                        </step>
                    </steps>
                </step>
            </steps>
            <attachments/>
        </test-case>
        <test-case start='1669380239910' status='passed' stop='1669380246840'>
            <name>Verify sales and customer details</name>
            <title>Verify sales and customer details</title>
            <labels>
                <label name='language' value='javascript'/>
                <label name='framework' value='wdio'/>
                <label name='thread' value='0-0'/>
            </labels>
            <parameters>
                <parameter kind='argument' name='browser' value='chrome-107.0.5304.110'/>
            </parameters>
            <steps>
                <step start='1669380239911' status='undefined'>
                    <name>Get address details from draft order Id collection</name>
                    <title>Get address details from draft order Id collection</title>
                    <attachments/>
                    <steps>
                        <step start='1669380242015' status='undefined'>
                            <name>Get customer details from draft order Id collection</name>
                            <title>Get customer details from draft order Id collection</title>
                            <attachments/>
                            <steps>
                                <step start='1669380245579' status='undefined'>
                                    <name>Copy sales and customer details from UI</name>
                                    <title>Copy sales and customer details from UI</title>
                                    <attachments/>
                                    <steps>
                                        <step start='1669380246840' status='undefined'>
                                            <name>Validate the address details from UI matches with details from draft order collection</name>
                                            <title>Validate the address details from UI matches with details from draft order collection</title>
                                            <attachments/>
                                            <steps>
                                                <step start='1669380246840' status='passed' stop='1669380246840'>
                                                    <name>Validate the customer details from UI matches with details from draft order collection</name>
                                                    <title>Validate the customer details from UI matches with details from draft order collection</title>
                                                    <attachments/>
                                                    <steps/>
                                                </step>
                                            </steps>
                                        </step>
                                    </steps>
                                </step>
                            </steps>
                        </step>
                    </steps>
                </step>
            </steps>
            <attachments/>
        </test-case>
        <test-case start='1669380246840' status='broken' stop='1669380277050'>
            <name>Verify the sum of sku values should match the sub total amount</name>
            <title>Verify the sum of sku values should match the sub total amount</title>
            <labels>
                <label name='language' value='javascript'/>
                <label name='framework' value='wdio'/>
                <label name='thread' value='0-0'/>
            </labels>
            <parameters>
                <parameter kind='argument' name='browser' value='chrome-107.0.5304.110'/>
            </parameters>
            <steps>
                <step start='1669380246840' status='broken' stop='1669380277050'>
                    <name>Wait for Toggle button to be Clickable</name>
                    <title>Wait for Toggle button to be Clickable</title>
                    <attachments>
                        <attachment title='Screenshot' source='65057f37-a4e4-4f6a-8ed1-187e7b399f78-attachment.png' type='image/png' size='347628'/>
                    </attachments>
                    <steps/>
                </step>
            </steps>
            <attachments/>
            <failure>
                <message>element ("//button/i[@class='fa bjs-toggle fa-flip-horizontal']") still not clickable after 30000ms</message>
                <stack-trace>Error: element ("//button/i[@class='fa bjs-toggle fa-flip-horizontal']") still not clickable after 30000ms
                    at Context.&lt;anonymous> (/Users/shrinathmotappamirashi/Documents/seenu/qa-automation-oms/oms/oos/test/tlp-orders/single-order/ukg-order/cbse/testTlpSingleClass1.js:146:9)</stack-trace>
            </failure>
        </test-case>
        <test-case start='1669380277050' status='passed' stop='1669380294130'>
            <name>Verify raise priority option</name>
            <title>Verify raise priority option</title>
            <labels>
                <label name='language' value='javascript'/>
                <label name='framework' value='wdio'/>
                <label name='thread' value='0-0'/>
            </labels>
            <parameters>
                <parameter kind='argument' name='browser' value='chrome-107.0.5304.110'/>
            </parameters>
            <steps>
                <step start='1669380277050' status='passed' stop='1669380294129'>
                    <name>Verify raise priority option</name>
                    <title>Verify raise priority option</title>
                    <attachments/>
                    <steps/>
                </step>
            </steps>
            <attachments/>
        </test-case>
    </test-cases>
</ns2:test-suite>