<?xml version='1.0'?>
<ns2:test-suite xmlns:ns2='urn:model.allure.qatools.yandex.ru' start='1669609034634' stop='1669609141651'>
    <name>Validating UKG Single order</name>
    <title>Validating UKG Single order</title>
    <test-cases>
        <test-case start='1669609034634' status='passed' stop='1669609039043'>
            <name>Adding json to collections for generating the Order Id</name>
            <title>Adding json to collections for generating the Order Id</title>
            <labels>
                <label name='language' value='javascript'/>
                <label name='framework' value='wdio'/>
                <label name='thread' value='0-0'/>
            </labels>
            <parameters>
                <parameter kind='argument' name='browser' value='chrome-107.0.5304.110'/>
            </parameters>
            <steps>
                <step start='1669609034635' status='undefined'>
                    <name>Adding order to Sales order Collection</name>
                    <title>Adding order to Sales order Collection</title>
                    <attachments/>
                    <steps>
                        <step start='1669609036330' status='undefined'>
                            <name>Adding order to Sales Sub order Collection</name>
                            <title>Adding order to Sales Sub order Collection</title>
                            <attachments/>
                            <steps>
                                <step start='1669609037667' status='passed' stop='1669609039042'>
                                    <name>Adding order to draft order Collection</name>
                                    <title>Adding order to draft order Collection</title>
                                    <attachments/>
                                    <steps/>
                                </step>
                            </steps>
                        </step>
                    </steps>
                </step>
            </steps>
            <attachments/>
        </test-case>
        <test-case start='1669609039044' status='passed' stop='1669609062694'>
            <name>log in into oms</name>
            <title>log in into oms</title>
            <labels>
                <label name='language' value='javascript'/>
                <label name='framework' value='wdio'/>
                <label name='thread' value='0-0'/>
            </labels>
            <parameters>
                <parameter kind='argument' name='browser' value='chrome-107.0.5304.110'/>
            </parameters>
            <steps>
                <step start='1669609039045' status='undefined'>
                    <name>Maximize the window</name>
                    <title>Maximize the window</title>
                    <attachments/>
                    <steps>
                        <step start='1669609039176' status='passed' stop='1669609041857'>
                            <name>Open Byjus OMS page</name>
                            <title>Open Byjus OMS page</title>
                            <attachments/>
                            <steps/>
                        </step>
                        <step start='1669609041857' status='undefined'>
                            <name>Login to the Home page</name>
                            <title>Login to the Home page</title>
                            <attachments/>
                            <steps/>
                        </step>
                    </steps>
                </step>
            </steps>
            <attachments/>
        </test-case>
        <test-case start='1669609062695' status='passed' stop='1669609066879'>
            <name>Verifying the Sales order Id details</name>
            <title>Verifying the Sales order Id details</title>
            <labels>
                <label name='language' value='javascript'/>
                <label name='framework' value='wdio'/>
                <label name='thread' value='0-0'/>
            </labels>
            <parameters>
                <parameter kind='argument' name='browser' value='chrome-107.0.5304.110'/>
            </parameters>
            <steps>
                <step start='1669609062695' status='undefined'>
                    <name>Verifying the Sales order Id details</name>
                    <title>Verifying the Sales order Id details</title>
                    <attachments/>
                    <steps/>
                </step>
            </steps>
            <attachments/>
        </test-case>
        <test-case start='1669609066879' status='passed' stop='1669609067413'>
            <name>Verify PID is generated</name>
            <title>Verify PID is generated</title>
            <labels>
                <label name='language' value='javascript'/>
                <label name='framework' value='wdio'/>
                <label name='thread' value='0-0'/>
            </labels>
            <parameters>
                <parameter kind='argument' name='browser' value='chrome-107.0.5304.110'/>
            </parameters>
            <steps>
                <step start='1669609066880' status='undefined'>
                    <name>Scroll to PID button</name>
                    <title>Scroll to PID button</title>
                    <attachments/>
                    <steps>
                        <step start='1669609067403' status='passed' stop='1669609067413'>
                            <name>Verify the PID is displayed</name>
                            <title>Verify the PID is displayed</title>
                            <attachments/>
                            <steps/>
                        </step>
                    </steps>
                </step>
            </steps>
            <attachments/>
        </test-case>
        <test-case start='1669609067413' status='failed' stop='1669609071115'>
            <name>Verify the shipment skus and skus name</name>
            <title>Verify the shipment skus and skus name</title>
            <labels>
                <label name='language' value='javascript'/>
                <label name='framework' value='wdio'/>
                <label name='thread' value='0-0'/>
            </labels>
            <parameters>
                <parameter kind='argument' name='browser' value='chrome-107.0.5304.110'/>
            </parameters>
            <steps>
                <step start='1669609070922' status='failed' stop='1669609071115'>
                    <name>Validate the shipment sku's</name>
                    <title>Validate the shipment sku's</title>
                    <attachments>
                        <attachment title='Screenshot' source='b8d9f035-b962-467e-b75c-4538c82fdaae-attachment.png' type='image/png' size='312204'/>
                    </attachments>
                    <steps/>
                </step>
            </steps>
            <attachments/>
            <failure>
                <message>expect(received).toEqual(expected) // deep equality
                
                Expected: "D1NALKLK"
                Received: "test00445511"</message>
                <stack-trace>Error: expect(received).toEqual(expected) // deep equality
                
                Expected: "D1NALKLK"
                Received: "test00445511"
                    at Context.&lt;anonymous> (/Users/shrinathmotappamirashi/Documents/seenu/qa-automation-oms/oms/oos/test/tlp-orders/single-order/ukg-order/cbse/testTlpSingleClass2.js:76:35)
                    at processTicksAndRejections (node:internal/process/task_queues:96:5)</stack-trace>
            </failure>
        </test-case>
        <test-case start='1669609071116' status='failed' stop='1669609074641'>
            <name>Verify the sales skus and skus names</name>
            <title>Verify the sales skus and skus names</title>
            <labels>
                <label name='language' value='javascript'/>
                <label name='framework' value='wdio'/>
                <label name='thread' value='0-0'/>
            </labels>
            <parameters>
                <parameter kind='argument' name='browser' value='chrome-107.0.5304.110'/>
            </parameters>
            <steps>
                <step start='1669609074443' status='failed' stop='1669609074641'>
                    <name>Validate the sales sku's</name>
                    <title>Validate the sales sku's</title>
                    <attachments>
                        <attachment title='Screenshot' source='b32d97f2-b979-4394-be2c-58dc326f7e27-attachment.png' type='image/png' size='312204'/>
                    </attachments>
                    <steps/>
                </step>
            </steps>
            <attachments/>
            <failure>
                <message>expect(received).toEqual(expected) // deep equality
                
                Expected: "DDLKNA23"
                Received: "SD02DM04"</message>
                <stack-trace>Error: expect(received).toEqual(expected) // deep equality
                
                Expected: "DDLKNA23"
                Received: "SD02DM04"
                    at Context.&lt;anonymous> (/Users/shrinathmotappamirashi/Documents/seenu/qa-automation-oms/oms/oos/test/tlp-orders/single-order/ukg-order/cbse/testTlpSingleClass2.js:98:32)
                    at processTicksAndRejections (node:internal/process/task_queues:96:5)</stack-trace>
            </failure>
        </test-case>
        <test-case start='1669609074641' status='passed' stop='1669609084686'>
            <name>Verifying changing the status to Confirmed and Verify the order status history</name>
            <title>Verifying changing the status to Confirmed and Verify the order status history</title>
            <labels>
                <label name='language' value='javascript'/>
                <label name='framework' value='wdio'/>
                <label name='thread' value='0-0'/>
            </labels>
            <parameters>
                <parameter kind='argument' name='browser' value='chrome-107.0.5304.110'/>
            </parameters>
            <steps>
                <step start='1669609074641' status='passed' stop='1669609084686'>
                    <name>Verify change status to Confirmed and verify order status history</name>
                    <title>Verify change status to Confirmed and verify order status history</title>
                    <attachments/>
                    <steps/>
                </step>
            </steps>
            <attachments/>
        </test-case>
        <test-case start='1669609084686' status='passed' stop='1669609090704'>
            <name>Verifying the order details and payment values from UI are equal to the values in Kart collection</name>
            <title>Verifying the order details and payment values from UI are equal to the values in Kart collection</title>
            <labels>
                <label name='language' value='javascript'/>
                <label name='framework' value='wdio'/>
                <label name='thread' value='0-0'/>
            </labels>
            <parameters>
                <parameter kind='argument' name='browser' value='chrome-107.0.5304.110'/>
            </parameters>
            <steps>
                <step start='1669609084687' status='undefined'>
                    <name>Maximize the window</name>
                    <title>Maximize the window</title>
                    <attachments/>
                    <steps>
                        <step start='1669609087996' status='undefined'>
                            <name>Copy order details and payments from UI</name>
                            <title>Copy order details and payments from UI</title>
                            <attachments/>
                            <steps>
                                <step start='1669609089114' status='undefined'>
                                    <name>Get order details and payments from draft order collection</name>
                                    <title>Get order details and payments from draft order collection</title>
                                    <attachments/>
                                    <steps>
                                        <step start='1669609090702' status='undefined'>
                                            <name>Validate the payment value on sales order page is equal to Sku sub total amount</name>
                                            <title>Validate the payment value on sales order page is equal to Sku sub total amount</title>
                                            <attachments/>
                                            <steps>
                                                <step start='1669609090703' status='passed' stop='1669609090704'>
                                                    <name>Validate the order details and payment values from UI are equal to the values from DB</name>
                                                    <title>Validate the order details and payment values from UI are equal to the values from DB</title>
                                                    <attachments/>
                                                    <steps/>
                                                </step>
                                            </steps>
                                        </step>
                                    </steps>
                                </step>
                            </steps>
                        </step>
                    </steps>
                </step>
            </steps>
            <attachments/>
        </test-case>
        <test-case start='1669609090704' status='passed' stop='1669609094997'>
            <name>Verify sales and customer details</name>
            <title>Verify sales and customer details</title>
            <labels>
                <label name='language' value='javascript'/>
                <label name='framework' value='wdio'/>
                <label name='thread' value='0-0'/>
            </labels>
            <parameters>
                <parameter kind='argument' name='browser' value='chrome-107.0.5304.110'/>
            </parameters>
            <steps>
                <step start='1669609090705' status='undefined'>
                    <name>Get address details from draft order Id collection</name>
                    <title>Get address details from draft order Id collection</title>
                    <attachments/>
                    <steps>
                        <step start='1669609092318' status='undefined'>
                            <name>Get customer details from draft order Id collection</name>
                            <title>Get customer details from draft order Id collection</title>
                            <attachments/>
                            <steps>
                                <step start='1669609093727' status='undefined'>
                                    <name>Copy sales and customer details from UI</name>
                                    <title>Copy sales and customer details from UI</title>
                                    <attachments/>
                                    <steps>
                                        <step start='1669609094997' status='undefined'>
                                            <name>Validate the address details from UI matches with details from draft order collection</name>
                                            <title>Validate the address details from UI matches with details from draft order collection</title>
                                            <attachments/>
                                            <steps>
                                                <step start='1669609094997' status='passed' stop='1669609094997'>
                                                    <name>Validate the customer details from UI matches with details from draft order collection</name>
                                                    <title>Validate the customer details from UI matches with details from draft order collection</title>
                                                    <attachments/>
                                                    <steps/>
                                                </step>
                                            </steps>
                                        </step>
                                    </steps>
                                </step>
                            </steps>
                        </step>
                    </steps>
                </step>
            </steps>
            <attachments/>
        </test-case>
        <test-case start='1669609094997' status='broken' stop='1669609125181'>
            <name>Verify the sum of sku values should match the sub total amount</name>
            <title>Verify the sum of sku values should match the sub total amount</title>
            <labels>
                <label name='language' value='javascript'/>
                <label name='framework' value='wdio'/>
                <label name='thread' value='0-0'/>
            </labels>
            <parameters>
                <parameter kind='argument' name='browser' value='chrome-107.0.5304.110'/>
            </parameters>
            <steps>
                <step start='1669609094998' status='broken' stop='1669609125181'>
                    <name>Wait for Toggle button to be Clickable</name>
                    <title>Wait for Toggle button to be Clickable</title>
                    <attachments>
                        <attachment title='Screenshot' source='2d22feee-3da4-45ce-b7c1-b7dabaccc277-attachment.png' type='image/png' size='304275'/>
                    </attachments>
                    <steps/>
                </step>
            </steps>
            <attachments/>
            <failure>
                <message>element ("button[title='Toggle to sales SKUs']") still not clickable after 30000ms</message>
                <stack-trace>Error: element ("button[title='Toggle to sales SKUs']") still not clickable after 30000ms
                    at Context.&lt;anonymous> (/Users/shrinathmotappamirashi/Documents/seenu/qa-automation-oms/oms/oos/test/tlp-orders/single-order/ukg-order/cbse/testTlpSingleClass2.js:146:9)</stack-trace>
            </failure>
        </test-case>
        <test-case start='1669609125181' status='passed' stop='1669609141649'>
            <name>Verify raise priority option</name>
            <title>Verify raise priority option</title>
            <labels>
                <label name='language' value='javascript'/>
                <label name='framework' value='wdio'/>
                <label name='thread' value='0-0'/>
            </labels>
            <parameters>
                <parameter kind='argument' name='browser' value='chrome-107.0.5304.110'/>
            </parameters>
            <steps>
                <step start='1669609125181' status='passed' stop='1669609141648'>
                    <name>Verify raise priority option</name>
                    <title>Verify raise priority option</title>
                    <attachments/>
                    <steps/>
                </step>
            </steps>
            <attachments/>
        </test-case>
    </test-cases>
</ns2:test-suite>