<?xml version='1.0'?>
<ns2:test-suite xmlns:ns2='urn:model.allure.qatools.yandex.ru' start='1669272891570' stop='1669272935608'>
    <name>Validating UKG Single order</name>
    <title>Validating UKG Single order</title>
    <test-cases>
        <test-case start='1669272891570' status='passed' stop='1669272897215'>
            <name>Adding json to collections for generating the Order Id</name>
            <title>Adding json to collections for generating the Order Id</title>
            <labels>
                <label name='language' value='javascript'/>
                <label name='framework' value='wdio'/>
                <label name='thread' value='0-0'/>
            </labels>
            <parameters>
                <parameter kind='argument' name='browser' value='chrome-107.0.5304.110'/>
            </parameters>
            <steps>
                <step start='1669272891570' status='undefined'>
                    <name>Adding order to Sales order Collection</name>
                    <title>Adding order to Sales order Collection</title>
                    <attachments/>
                    <steps>
                        <step start='1669272894333' status='undefined'>
                            <name>Adding order to Sales Sub order Collection</name>
                            <title>Adding order to Sales Sub order Collection</title>
                            <attachments/>
                            <steps>
                                <step start='1669272895880' status='passed' stop='1669272897214'>
                                    <name>Adding order to draft order Collection</name>
                                    <title>Adding order to draft order Collection</title>
                                    <attachments/>
                                    <steps/>
                                </step>
                            </steps>
                        </step>
                    </steps>
                </step>
            </steps>
            <attachments/>
        </test-case>
        <test-case start='1669272897215' status='passed' stop='1669272925240'>
            <name>log in into oms</name>
            <title>log in into oms</title>
            <labels>
                <label name='language' value='javascript'/>
                <label name='framework' value='wdio'/>
                <label name='thread' value='0-0'/>
            </labels>
            <parameters>
                <parameter kind='argument' name='browser' value='chrome-107.0.5304.110'/>
            </parameters>
            <steps>
                <step start='1669272897215' status='undefined'>
                    <name>Maximize the window</name>
                    <title>Maximize the window</title>
                    <attachments/>
                    <steps>
                        <step start='1669272897348' status='passed' stop='1669272900716'>
                            <name>Open Byjus OMS page</name>
                            <title>Open Byjus OMS page</title>
                            <attachments/>
                            <steps/>
                        </step>
                        <step start='1669272900716' status='undefined'>
                            <name>Login to the Home page</name>
                            <title>Login to the Home page</title>
                            <attachments/>
                            <steps/>
                        </step>
                    </steps>
                </step>
            </steps>
            <attachments/>
        </test-case>
        <test-case start='1669272925241' status='broken' stop='1669272925395'>
            <name>Verifying the Sales order Id details</name>
            <title>Verifying the Sales order Id details</title>
            <labels>
                <label name='language' value='javascript'/>
                <label name='framework' value='wdio'/>
                <label name='thread' value='0-0'/>
            </labels>
            <parameters>
                <parameter kind='argument' name='browser' value='chrome-107.0.5304.110'/>
            </parameters>
            <steps>
                <step start='1669272925241' status='broken' stop='1669272925395'>
                    <name>Verifying the Sales order Id details</name>
                    <title>Verifying the Sales order Id details</title>
                    <attachments>
                        <attachment title='Screenshot' source='1b47fc24-ee27-4b67-9ed0-c6e0c2d9e095-attachment.png' type='image/png' size='162429'/>
                    </attachments>
                    <steps/>
                </step>
            </steps>
            <attachments/>
            <failure>
                <message>this.ordersTab.waitForClickable is not a function</message>
                <stack-trace>TypeError: this.ordersTab.waitForClickable is not a function
                    at verifyOmsOrderDetails.openSoIdVerifyDetails (/Users/shrinathmotappamirashi/Documents/seenu/qa-automation-oms/oms/oos/pages/verifyOmsOrderDetails.js:254:30)
                    at Context.&lt;anonymous> (/Users/shrinathmotappamirashi/Documents/seenu/qa-automation-oms/oms/oos/test/tlp-orders/single-order/ukg-order/cbse/testTlpSingleOrderLkg.js:43:37)</stack-trace>
            </failure>
        </test-case>
        <test-case start='1669272925395' status='broken' stop='1669272925530'>
            <name>Verify PID is generated</name>
            <title>Verify PID is generated</title>
            <labels>
                <label name='language' value='javascript'/>
                <label name='framework' value='wdio'/>
                <label name='thread' value='0-0'/>
            </labels>
            <parameters>
                <parameter kind='argument' name='browser' value='chrome-107.0.5304.110'/>
            </parameters>
            <steps>
                <step start='1669272925396' status='broken' stop='1669272925530'>
                    <name>Scroll to PID button</name>
                    <title>Scroll to PID button</title>
                    <attachments>
                        <attachment title='Screenshot' source='43c217a6-6499-4b2f-bdef-779588aafb45-attachment.png' type='image/png' size='162429'/>
                    </attachments>
                    <steps/>
                </step>
            </steps>
            <attachments/>
            <failure>
                <message>_verifyOmsOrderDetails.default.verifyPid.scrollIntoView is not a function</message>
                <stack-trace>TypeError: _verifyOmsOrderDetails.default.verifyPid.scrollIntoView is not a function
                    at Context.&lt;anonymous> (/Users/shrinathmotappamirashi/Documents/seenu/qa-automation-oms/oms/oos/test/tlp-orders/single-order/ukg-order/cbse/testTlpSingleOrderLkg.js:58:47)</stack-trace>
            </failure>
        </test-case>
        <test-case start='1669272925530' status='broken' stop='1669272925666'>
            <name>Verify the shipment skus and skus name</name>
            <title>Verify the shipment skus and skus name</title>
            <labels>
                <label name='language' value='javascript'/>
                <label name='framework' value='wdio'/>
                <label name='thread' value='0-0'/>
            </labels>
            <parameters>
                <parameter kind='argument' name='browser' value='chrome-107.0.5304.110'/>
            </parameters>
            <steps/>
            <attachments>
                <attachment title='Screenshot' source='5469b01f-e514-41f6-bb25-06d43c9f2461-attachment.png' type='image/png' size='162429'/>
            </attachments>
            <failure>
                <message>_verifyOmsOrderDetails.default.toggleToSalesSku.click is not a function</message>
                <stack-trace>TypeError: _verifyOmsOrderDetails.default.toggleToSalesSku.click is not a function
                    at Context.&lt;anonymous> (/Users/shrinathmotappamirashi/Documents/seenu/qa-automation-oms/oms/oos/test/tlp-orders/single-order/ukg-order/cbse/testTlpSingleOrderLkg.js:69:54)</stack-trace>
            </failure>
        </test-case>
        <test-case start='1669272925666' status='passed' stop='1669272931922'>
            <name>Verify the sales skus and skus names</name>
            <title>Verify the sales skus and skus names</title>
            <labels>
                <label name='language' value='javascript'/>
                <label name='framework' value='wdio'/>
                <label name='thread' value='0-0'/>
            </labels>
            <parameters>
                <parameter kind='argument' name='browser' value='chrome-107.0.5304.110'/>
            </parameters>
            <steps>
                <step start='1669272929071' status='undefined'>
                    <name>Validate the sales sku's</name>
                    <title>Validate the sales sku's</title>
                    <attachments/>
                    <steps>
                        <step start='1669272929074' status='undefined'>
                            <name>Validatation done for sales sku's</name>
                            <title>Validatation done for sales sku's</title>
                            <attachments/>
                            <steps>
                                <step start='1669272929074' status='undefined'>
                                    <name>Validate the shipment sku's names</name>
                                    <title>Validate the shipment sku's names</title>
                                    <attachments/>
                                    <steps>
                                        <step start='1669272931921' status='passed' stop='1669272931921'>
                                            <name>Validatation done for shipment sku's names</name>
                                            <title>Validatation done for shipment sku's names</title>
                                            <attachments/>
                                            <steps/>
                                        </step>
                                    </steps>
                                </step>
                            </steps>
                        </step>
                    </steps>
                </step>
            </steps>
            <attachments/>
        </test-case>
        <test-case start='1669272931922' status='broken' stop='1669272932082'>
            <name>Verifying changing the status to Confirmed and Verify the order status history</name>
            <title>Verifying changing the status to Confirmed and Verify the order status history</title>
            <labels>
                <label name='language' value='javascript'/>
                <label name='framework' value='wdio'/>
                <label name='thread' value='0-0'/>
            </labels>
            <parameters>
                <parameter kind='argument' name='browser' value='chrome-107.0.5304.110'/>
            </parameters>
            <steps>
                <step start='1669272931923' status='broken' stop='1669272932082'>
                    <name>Verify change status to Confirmed and verify order status history</name>
                    <title>Verify change status to Confirmed and verify order status history</title>
                    <attachments>
                        <attachment title='Screenshot' source='f545de98-15ab-4c29-adf0-77ffd7a4c3e6-attachment.png' type='image/png' size='178722'/>
                    </attachments>
                    <steps/>
                </step>
            </steps>
            <attachments/>
            <failure>
                <message>this.ordersTab.waitForDisplayed is not a function</message>
                <stack-trace>TypeError: this.ordersTab.waitForDisplayed is not a function
                    at verifyOmsOrderDetails.statusConfirmedAndVerifyOrderStatusHistory (/Users/shrinathmotappamirashi/Documents/seenu/qa-automation-oms/oms/oos/pages/verifyOmsOrderDetails.js:279:30)
                    at Context.&lt;anonymous> (/Users/shrinathmotappamirashi/Documents/seenu/qa-automation-oms/oms/oos/test/tlp-orders/single-order/ukg-order/cbse/testTlpSingleOrderLkg.js:111:37)</stack-trace>
            </failure>
        </test-case>
        <test-case start='1669272932082' status='broken' stop='1669272932351'>
            <name>Verifying the order details and payment values from UI are equal to the values in Kart collection</name>
            <title>Verifying the order details and payment values from UI are equal to the values in Kart collection</title>
            <labels>
                <label name='language' value='javascript'/>
                <label name='framework' value='wdio'/>
                <label name='thread' value='0-0'/>
            </labels>
            <parameters>
                <parameter kind='argument' name='browser' value='chrome-107.0.5304.110'/>
            </parameters>
            <steps>
                <step start='1669272932083' status='broken' stop='1669272932351'>
                    <name>Maximize the window</name>
                    <title>Maximize the window</title>
                    <attachments>
                        <attachment title='Screenshot' source='728e426d-fe47-447d-ab37-4f35da27e3b6-attachment.png' type='image/png' size='178722'/>
                    </attachments>
                    <steps/>
                </step>
            </steps>
            <attachments/>
            <failure>
                <message>this.ordersTab.waitForClickable is not a function</message>
                <stack-trace>TypeError: this.ordersTab.waitForClickable is not a function
                    at verifyOmsOrderDetails.openSoIdVerifyDetails (/Users/shrinathmotappamirashi/Documents/seenu/qa-automation-oms/oms/oos/pages/verifyOmsOrderDetails.js:254:30)
                    at Context.&lt;anonymous> (/Users/shrinathmotappamirashi/Documents/seenu/qa-automation-oms/oms/oos/test/tlp-orders/single-order/ukg-order/cbse/testTlpSingleOrderLkg.js:118:37)
                    at processTicksAndRejections (node:internal/process/task_queues:96:5)</stack-trace>
            </failure>
        </test-case>
        <test-case start='1669272932351' status='broken' stop='1669272935474'>
            <name>Verify sales and customer details</name>
            <title>Verify sales and customer details</title>
            <labels>
                <label name='language' value='javascript'/>
                <label name='framework' value='wdio'/>
                <label name='thread' value='0-0'/>
            </labels>
            <parameters>
                <parameter kind='argument' name='browser' value='chrome-107.0.5304.110'/>
            </parameters>
            <steps>
                <step start='1669272932351' status='broken' stop='1669272935474'>
                    <name>Get address details from draft order Id collection</name>
                    <title>Get address details from draft order Id collection</title>
                    <attachments/>
                    <steps>
                        <step start='1669272933738' status='broken' stop='1669272935474'>
                            <name>Get customer details from draft order Id collection</name>
                            <title>Get customer details from draft order Id collection</title>
                            <attachments/>
                            <steps>
                                <step start='1669272935302' status='broken' stop='1669272935474'>
                                    <name>Copy sales and customer details from UI</name>
                                    <title>Copy sales and customer details from UI</title>
                                    <attachments>
                                        <attachment title='Screenshot' source='8a398c9c-de68-4234-8ce8-06e82042dbae-attachment.png' type='image/png' size='178722'/>
                                    </attachments>
                                    <steps/>
                                </step>
                            </steps>
                        </step>
                    </steps>
                </step>
            </steps>
            <attachments/>
            <failure>
                <message>this.btnSalesAndCustomerDetails.waitForClickable is not a function</message>
                <stack-trace>TypeError: this.btnSalesAndCustomerDetails.waitForClickable is not a function
                    at verifyOmsOrderDetails.verifySalesAndCustomerDetails (/Users/shrinathmotappamirashi/Documents/seenu/qa-automation-oms/oms/oos/pages/verifyOmsOrderDetails.js:360:47)
                    at Context.&lt;anonymous> (/Users/shrinathmotappamirashi/Documents/seenu/qa-automation-oms/oms/oos/test/tlp-orders/single-order/ukg-order/cbse/testTlpSingleOrderLkg.js:136:49)
                    at processTicksAndRejections (node:internal/process/task_queues:96:5)</stack-trace>
            </failure>
        </test-case>
        <test-case start='1669272935474' status='broken' stop='1669272935607'>
            <name>Verify raise priority option</name>
            <title>Verify raise priority option</title>
            <labels>
                <label name='language' value='javascript'/>
                <label name='framework' value='wdio'/>
                <label name='thread' value='0-0'/>
            </labels>
            <parameters>
                <parameter kind='argument' name='browser' value='chrome-107.0.5304.110'/>
            </parameters>
            <steps>
                <step start='1669272935474' status='broken' stop='1669272935607'>
                    <name>Verify raise priority option</name>
                    <title>Verify raise priority option</title>
                    <attachments>
                        <attachment title='Screenshot' source='c6cf7fcd-c1d0-4ca3-9ed1-e4b2aeeee786-attachment.png' type='image/png' size='178722'/>
                    </attachments>
                    <steps/>
                </step>
            </steps>
            <attachments/>
            <failure>
                <message>this.ddConfirmOrder.waitForClickable is not a function</message>
                <stack-trace>TypeError: this.ddConfirmOrder.waitForClickable is not a function
                    at verifyOmsOrderDetails.verifyRaisePriorityOption (/Users/shrinathmotappamirashi/Documents/seenu/qa-automation-oms/oms/oos/pages/verifyOmsOrderDetails.js:402:35)
                    at Context.&lt;anonymous> (/Users/shrinathmotappamirashi/Documents/seenu/qa-automation-oms/oms/oos/test/tlp-orders/single-order/ukg-order/cbse/testTlpSingleOrderLkg.js:146:37)</stack-trace>
            </failure>
        </test-case>
    </test-cases>
</ns2:test-suite>