<?xml version='1.0'?>
<ns2:test-suite xmlns:ns2='urn:model.allure.qatools.yandex.ru' start='1669272947716' stop='1669272988330'>
    <name>Validating UKG Single order</name>
    <title>Validating UKG Single order</title>
    <test-cases>
        <test-case start='1669272947716' status='passed' stop='1669272952301'>
            <name>Adding json to collections for generating the Order Id</name>
            <title>Adding json to collections for generating the Order Id</title>
            <labels>
                <label name='language' value='javascript'/>
                <label name='framework' value='wdio'/>
                <label name='thread' value='0-0'/>
            </labels>
            <parameters>
                <parameter kind='argument' name='browser' value='chrome-107.0.5304.110'/>
            </parameters>
            <steps>
                <step start='1669272947717' status='undefined'>
                    <name>Adding order to Sales order Collection</name>
                    <title>Adding order to Sales order Collection</title>
                    <attachments/>
                    <steps>
                        <step start='1669272949273' status='undefined'>
                            <name>Adding order to Sales Sub order Collection</name>
                            <title>Adding order to Sales Sub order Collection</title>
                            <attachments/>
                            <steps>
                                <step start='1669272950763' status='passed' stop='1669272952300'>
                                    <name>Adding order to draft order Collection</name>
                                    <title>Adding order to draft order Collection</title>
                                    <attachments/>
                                    <steps/>
                                </step>
                            </steps>
                        </step>
                    </steps>
                </step>
            </steps>
            <attachments/>
        </test-case>
        <test-case start='1669272952302' status='passed' stop='1669272977208'>
            <name>log in into oms</name>
            <title>log in into oms</title>
            <labels>
                <label name='language' value='javascript'/>
                <label name='framework' value='wdio'/>
                <label name='thread' value='0-0'/>
            </labels>
            <parameters>
                <parameter kind='argument' name='browser' value='chrome-107.0.5304.110'/>
            </parameters>
            <steps>
                <step start='1669272952302' status='undefined'>
                    <name>Maximize the window</name>
                    <title>Maximize the window</title>
                    <attachments/>
                    <steps>
                        <step start='1669272952438' status='passed' stop='1669272955038'>
                            <name>Open Byjus OMS page</name>
                            <title>Open Byjus OMS page</title>
                            <attachments/>
                            <steps/>
                        </step>
                        <step start='1669272955038' status='undefined'>
                            <name>Login to the Home page</name>
                            <title>Login to the Home page</title>
                            <attachments/>
                            <steps/>
                        </step>
                    </steps>
                </step>
            </steps>
            <attachments/>
        </test-case>
        <test-case start='1669272977209' status='broken' stop='1669272977435'>
            <name>Verifying the Sales order Id details</name>
            <title>Verifying the Sales order Id details</title>
            <labels>
                <label name='language' value='javascript'/>
                <label name='framework' value='wdio'/>
                <label name='thread' value='0-0'/>
            </labels>
            <parameters>
                <parameter kind='argument' name='browser' value='chrome-107.0.5304.110'/>
            </parameters>
            <steps>
                <step start='1669272977209' status='broken' stop='1669272977435'>
                    <name>Verifying the Sales order Id details</name>
                    <title>Verifying the Sales order Id details</title>
                    <attachments>
                        <attachment title='Screenshot' source='965441d0-ea06-4e34-9a92-9bd3544f5e7a-attachment.png' type='image/png' size='22105'/>
                    </attachments>
                    <steps/>
                </step>
            </steps>
            <attachments/>
            <failure>
                <message>this.ordersTab.waitForClickable is not a function</message>
                <stack-trace>TypeError: this.ordersTab.waitForClickable is not a function
                    at verifyOmsOrderDetails.openSoIdVerifyDetails (/Users/shrinathmotappamirashi/Documents/seenu/qa-automation-oms/oms/oos/pages/verifyOmsOrderDetails.js:254:30)
                    at Context.&lt;anonymous> (/Users/shrinathmotappamirashi/Documents/seenu/qa-automation-oms/oms/oos/test/tlp-orders/single-order/ukg-order/cbse/testTlpSingleOrderLkg.js:43:37)</stack-trace>
            </failure>
        </test-case>
        <test-case start='1669272977435' status='broken' stop='1669272977630'>
            <name>Verify PID is generated</name>
            <title>Verify PID is generated</title>
            <labels>
                <label name='language' value='javascript'/>
                <label name='framework' value='wdio'/>
                <label name='thread' value='0-0'/>
            </labels>
            <parameters>
                <parameter kind='argument' name='browser' value='chrome-107.0.5304.110'/>
            </parameters>
            <steps>
                <step start='1669272977436' status='broken' stop='1669272977630'>
                    <name>Scroll to PID button</name>
                    <title>Scroll to PID button</title>
                    <attachments>
                        <attachment title='Screenshot' source='64cf5c1c-84fa-4bf6-b04f-367576441a12-attachment.png' type='image/png' size='22148'/>
                    </attachments>
                    <steps/>
                </step>
            </steps>
            <attachments/>
            <failure>
                <message>_verifyOmsOrderDetails.default.verifyPid.scrollIntoView is not a function</message>
                <stack-trace>TypeError: _verifyOmsOrderDetails.default.verifyPid.scrollIntoView is not a function
                    at Context.&lt;anonymous> (/Users/shrinathmotappamirashi/Documents/seenu/qa-automation-oms/oms/oos/test/tlp-orders/single-order/ukg-order/cbse/testTlpSingleOrderLkg.js:58:47)</stack-trace>
            </failure>
        </test-case>
        <test-case start='1669272977630' status='broken' stop='1669272977801'>
            <name>Verify the shipment skus and skus name</name>
            <title>Verify the shipment skus and skus name</title>
            <labels>
                <label name='language' value='javascript'/>
                <label name='framework' value='wdio'/>
                <label name='thread' value='0-0'/>
            </labels>
            <parameters>
                <parameter kind='argument' name='browser' value='chrome-107.0.5304.110'/>
            </parameters>
            <steps/>
            <attachments>
                <attachment title='Screenshot' source='8897ad22-fb62-442e-9fd0-97a696d2e97a-attachment.png' type='image/png' size='22051'/>
            </attachments>
            <failure>
                <message>_verifyOmsOrderDetails.default.toggleToSalesSku.click is not a function</message>
                <stack-trace>TypeError: _verifyOmsOrderDetails.default.toggleToSalesSku.click is not a function
                    at Context.&lt;anonymous> (/Users/shrinathmotappamirashi/Documents/seenu/qa-automation-oms/oms/oos/test/tlp-orders/single-order/ukg-order/cbse/testTlpSingleOrderLkg.js:69:54)</stack-trace>
            </failure>
        </test-case>
        <test-case start='1669272977801' status='passed' stop='1669272984777'>
            <name>Verify the sales skus and skus names</name>
            <title>Verify the sales skus and skus names</title>
            <labels>
                <label name='language' value='javascript'/>
                <label name='framework' value='wdio'/>
                <label name='thread' value='0-0'/>
            </labels>
            <parameters>
                <parameter kind='argument' name='browser' value='chrome-107.0.5304.110'/>
            </parameters>
            <steps>
                <step start='1669272981202' status='undefined'>
                    <name>Validate the sales sku's</name>
                    <title>Validate the sales sku's</title>
                    <attachments/>
                    <steps>
                        <step start='1669272981206' status='undefined'>
                            <name>Validatation done for sales sku's</name>
                            <title>Validatation done for sales sku's</title>
                            <attachments/>
                            <steps>
                                <step start='1669272981206' status='undefined'>
                                    <name>Validate the shipment sku's names</name>
                                    <title>Validate the shipment sku's names</title>
                                    <attachments/>
                                    <steps>
                                        <step start='1669272984776' status='passed' stop='1669272984776'>
                                            <name>Validatation done for shipment sku's names</name>
                                            <title>Validatation done for shipment sku's names</title>
                                            <attachments/>
                                            <steps/>
                                        </step>
                                    </steps>
                                </step>
                            </steps>
                        </step>
                    </steps>
                </step>
            </steps>
            <attachments/>
        </test-case>
        <test-case start='1669272984777' status='broken' stop='1669272984965'>
            <name>Verifying changing the status to Confirmed and Verify the order status history</name>
            <title>Verifying changing the status to Confirmed and Verify the order status history</title>
            <labels>
                <label name='language' value='javascript'/>
                <label name='framework' value='wdio'/>
                <label name='thread' value='0-0'/>
            </labels>
            <parameters>
                <parameter kind='argument' name='browser' value='chrome-107.0.5304.110'/>
            </parameters>
            <steps>
                <step start='1669272984777' status='broken' stop='1669272984965'>
                    <name>Verify change status to Confirmed and verify order status history</name>
                    <title>Verify change status to Confirmed and verify order status history</title>
                    <attachments>
                        <attachment title='Screenshot' source='b63e6e8b-f67e-445e-a705-491cc97716bf-attachment.png' type='image/png' size='178722'/>
                    </attachments>
                    <steps/>
                </step>
            </steps>
            <attachments/>
            <failure>
                <message>this.ordersTab.waitForDisplayed is not a function</message>
                <stack-trace>TypeError: this.ordersTab.waitForDisplayed is not a function
                    at verifyOmsOrderDetails.statusConfirmedAndVerifyOrderStatusHistory (/Users/shrinathmotappamirashi/Documents/seenu/qa-automation-oms/oms/oos/pages/verifyOmsOrderDetails.js:279:30)
                    at Context.&lt;anonymous> (/Users/shrinathmotappamirashi/Documents/seenu/qa-automation-oms/oms/oos/test/tlp-orders/single-order/ukg-order/cbse/testTlpSingleOrderLkg.js:111:37)</stack-trace>
            </failure>
        </test-case>
        <test-case start='1669272984965' status='broken' stop='1669272985231'>
            <name>Verifying the order details and payment values from UI are equal to the values in Kart collection</name>
            <title>Verifying the order details and payment values from UI are equal to the values in Kart collection</title>
            <labels>
                <label name='language' value='javascript'/>
                <label name='framework' value='wdio'/>
                <label name='thread' value='0-0'/>
            </labels>
            <parameters>
                <parameter kind='argument' name='browser' value='chrome-107.0.5304.110'/>
            </parameters>
            <steps>
                <step start='1669272984966' status='broken' stop='1669272985231'>
                    <name>Maximize the window</name>
                    <title>Maximize the window</title>
                    <attachments>
                        <attachment title='Screenshot' source='d7d3a63f-d8aa-4fa6-b0cd-e6591d2fff7f-attachment.png' type='image/png' size='178722'/>
                    </attachments>
                    <steps/>
                </step>
            </steps>
            <attachments/>
            <failure>
                <message>this.ordersTab.waitForClickable is not a function</message>
                <stack-trace>TypeError: this.ordersTab.waitForClickable is not a function
                    at verifyOmsOrderDetails.openSoIdVerifyDetails (/Users/shrinathmotappamirashi/Documents/seenu/qa-automation-oms/oms/oos/pages/verifyOmsOrderDetails.js:254:30)
                    at Context.&lt;anonymous> (/Users/shrinathmotappamirashi/Documents/seenu/qa-automation-oms/oms/oos/test/tlp-orders/single-order/ukg-order/cbse/testTlpSingleOrderLkg.js:118:37)
                    at processTicksAndRejections (node:internal/process/task_queues:96:5)</stack-trace>
            </failure>
        </test-case>
        <test-case start='1669272985231' status='broken' stop='1669272988181'>
            <name>Verify sales and customer details</name>
            <title>Verify sales and customer details</title>
            <labels>
                <label name='language' value='javascript'/>
                <label name='framework' value='wdio'/>
                <label name='thread' value='0-0'/>
            </labels>
            <parameters>
                <parameter kind='argument' name='browser' value='chrome-107.0.5304.110'/>
            </parameters>
            <steps>
                <step start='1669272985231' status='broken' stop='1669272988181'>
                    <name>Get address details from draft order Id collection</name>
                    <title>Get address details from draft order Id collection</title>
                    <attachments/>
                    <steps>
                        <step start='1669272986505' status='broken' stop='1669272988181'>
                            <name>Get customer details from draft order Id collection</name>
                            <title>Get customer details from draft order Id collection</title>
                            <attachments/>
                            <steps>
                                <step start='1669272988006' status='broken' stop='1669272988181'>
                                    <name>Copy sales and customer details from UI</name>
                                    <title>Copy sales and customer details from UI</title>
                                    <attachments>
                                        <attachment title='Screenshot' source='0f695b20-1899-4395-b641-0bc117d024ec-attachment.png' type='image/png' size='178722'/>
                                    </attachments>
                                    <steps/>
                                </step>
                            </steps>
                        </step>
                    </steps>
                </step>
            </steps>
            <attachments/>
            <failure>
                <message>this.btnSalesAndCustomerDetails.waitForClickable is not a function</message>
                <stack-trace>TypeError: this.btnSalesAndCustomerDetails.waitForClickable is not a function
                    at verifyOmsOrderDetails.verifySalesAndCustomerDetails (/Users/shrinathmotappamirashi/Documents/seenu/qa-automation-oms/oms/oos/pages/verifyOmsOrderDetails.js:360:47)
                    at Context.&lt;anonymous> (/Users/shrinathmotappamirashi/Documents/seenu/qa-automation-oms/oms/oos/test/tlp-orders/single-order/ukg-order/cbse/testTlpSingleOrderLkg.js:136:49)
                    at processTicksAndRejections (node:internal/process/task_queues:96:5)</stack-trace>
            </failure>
        </test-case>
        <test-case start='1669272988182' status='broken' stop='1669272988330'>
            <name>Verify raise priority option</name>
            <title>Verify raise priority option</title>
            <labels>
                <label name='language' value='javascript'/>
                <label name='framework' value='wdio'/>
                <label name='thread' value='0-0'/>
            </labels>
            <parameters>
                <parameter kind='argument' name='browser' value='chrome-107.0.5304.110'/>
            </parameters>
            <steps>
                <step start='1669272988182' status='broken' stop='1669272988330'>
                    <name>Verify raise priority option</name>
                    <title>Verify raise priority option</title>
                    <attachments>
                        <attachment title='Screenshot' source='6a5cbdf4-3fd6-4262-8268-91ac5e4f191b-attachment.png' type='image/png' size='178722'/>
                    </attachments>
                    <steps/>
                </step>
            </steps>
            <attachments/>
            <failure>
                <message>this.ddConfirmOrder.waitForClickable is not a function</message>
                <stack-trace>TypeError: this.ddConfirmOrder.waitForClickable is not a function
                    at verifyOmsOrderDetails.verifyRaisePriorityOption (/Users/shrinathmotappamirashi/Documents/seenu/qa-automation-oms/oms/oos/pages/verifyOmsOrderDetails.js:402:35)
                    at Context.&lt;anonymous> (/Users/shrinathmotappamirashi/Documents/seenu/qa-automation-oms/oms/oos/test/tlp-orders/single-order/ukg-order/cbse/testTlpSingleOrderLkg.js:146:37)</stack-trace>
            </failure>
        </test-case>
    </test-cases>
</ns2:test-suite>