<?xml version='1.0'?>
<ns2:test-suite xmlns:ns2='urn:model.allure.qatools.yandex.ru' start='1669608853270' stop='1669608969503'>
    <name>Validating UKG Single order</name>
    <title>Validating UKG Single order</title>
    <test-cases>
        <test-case start='1669608853270' status='passed' stop='1669608857984'>
            <name>Adding json to collections for generating the Order Id</name>
            <title>Adding json to collections for generating the Order Id</title>
            <labels>
                <label name='language' value='javascript'/>
                <label name='framework' value='wdio'/>
                <label name='thread' value='0-0'/>
            </labels>
            <parameters>
                <parameter kind='argument' name='browser' value='chrome-107.0.5304.110'/>
            </parameters>
            <steps>
                <step start='1669608853270' status='undefined'>
                    <name>Adding order to Sales order Collection</name>
                    <title>Adding order to Sales order Collection</title>
                    <attachments/>
                    <steps>
                        <step start='1669608854946' status='undefined'>
                            <name>Adding order to Sales Sub order Collection</name>
                            <title>Adding order to Sales Sub order Collection</title>
                            <attachments/>
                            <steps>
                                <step start='1669608856517' status='passed' stop='1669608857982'>
                                    <name>Adding order to draft order Collection</name>
                                    <title>Adding order to draft order Collection</title>
                                    <attachments/>
                                    <steps/>
                                </step>
                            </steps>
                        </step>
                    </steps>
                </step>
            </steps>
            <attachments/>
        </test-case>
        <test-case start='1669608857985' status='passed' stop='1669608885179'>
            <name>log in into oms</name>
            <title>log in into oms</title>
            <labels>
                <label name='language' value='javascript'/>
                <label name='framework' value='wdio'/>
                <label name='thread' value='0-0'/>
            </labels>
            <parameters>
                <parameter kind='argument' name='browser' value='chrome-107.0.5304.110'/>
            </parameters>
            <steps>
                <step start='1669608857985' status='undefined'>
                    <name>Maximize the window</name>
                    <title>Maximize the window</title>
                    <attachments/>
                    <steps>
                        <step start='1669608858120' status='passed' stop='1669608860900'>
                            <name>Open Byjus OMS page</name>
                            <title>Open Byjus OMS page</title>
                            <attachments/>
                            <steps/>
                        </step>
                        <step start='1669608860900' status='undefined'>
                            <name>Login to the Home page</name>
                            <title>Login to the Home page</title>
                            <attachments/>
                            <steps/>
                        </step>
                    </steps>
                </step>
            </steps>
            <attachments/>
        </test-case>
        <test-case start='1669608885180' status='passed' stop='1669608890497'>
            <name>Verifying the Sales order Id details</name>
            <title>Verifying the Sales order Id details</title>
            <labels>
                <label name='language' value='javascript'/>
                <label name='framework' value='wdio'/>
                <label name='thread' value='0-0'/>
            </labels>
            <parameters>
                <parameter kind='argument' name='browser' value='chrome-107.0.5304.110'/>
            </parameters>
            <steps>
                <step start='1669608885181' status='undefined'>
                    <name>Verifying the Sales order Id details</name>
                    <title>Verifying the Sales order Id details</title>
                    <attachments/>
                    <steps/>
                </step>
            </steps>
            <attachments/>
        </test-case>
        <test-case start='1669608890497' status='passed' stop='1669608891562'>
            <name>Verify PID is generated</name>
            <title>Verify PID is generated</title>
            <labels>
                <label name='language' value='javascript'/>
                <label name='framework' value='wdio'/>
                <label name='thread' value='0-0'/>
            </labels>
            <parameters>
                <parameter kind='argument' name='browser' value='chrome-107.0.5304.110'/>
            </parameters>
            <steps>
                <step start='1669608890497' status='undefined'>
                    <name>Scroll to PID button</name>
                    <title>Scroll to PID button</title>
                    <attachments/>
                    <steps>
                        <step start='1669608891547' status='passed' stop='1669608891562'>
                            <name>Verify the PID is displayed</name>
                            <title>Verify the PID is displayed</title>
                            <attachments/>
                            <steps/>
                        </step>
                    </steps>
                </step>
            </steps>
            <attachments/>
        </test-case>
        <test-case start='1669608891562' status='failed' stop='1669608894797'>
            <name>Verify the shipment skus and skus name</name>
            <title>Verify the shipment skus and skus name</title>
            <labels>
                <label name='language' value='javascript'/>
                <label name='framework' value='wdio'/>
                <label name='thread' value='0-0'/>
            </labels>
            <parameters>
                <parameter kind='argument' name='browser' value='chrome-107.0.5304.110'/>
            </parameters>
            <steps>
                <step start='1669608894589' status='failed' stop='1669608894797'>
                    <name>Validate the shipment sku's</name>
                    <title>Validate the shipment sku's</title>
                    <attachments>
                        <attachment title='Screenshot' source='9a6482d8-6bbb-4133-903b-56e5cefd85b7-attachment.png' type='image/png' size='310579'/>
                    </attachments>
                    <steps/>
                </step>
            </steps>
            <attachments/>
            <failure>
                <message>expect(received).toEqual(expected) // deep equality
                
                Expected: "D1NALKLK"
                Received: "test00445511"</message>
                <stack-trace>Error: expect(received).toEqual(expected) // deep equality
                
                Expected: "D1NALKLK"
                Received: "test00445511"
                    at Context.&lt;anonymous> (/Users/shrinathmotappamirashi/Documents/seenu/qa-automation-oms/oms/oos/test/tlp-orders/single-order/ukg-order/cbse/testTlpSingleClass2.js:76:35)
                    at processTicksAndRejections (node:internal/process/task_queues:96:5)</stack-trace>
            </failure>
        </test-case>
        <test-case start='1669608894797' status='failed' stop='1669608898347'>
            <name>Verify the sales skus and skus names</name>
            <title>Verify the sales skus and skus names</title>
            <labels>
                <label name='language' value='javascript'/>
                <label name='framework' value='wdio'/>
                <label name='thread' value='0-0'/>
            </labels>
            <parameters>
                <parameter kind='argument' name='browser' value='chrome-107.0.5304.110'/>
            </parameters>
            <steps>
                <step start='1669608898151' status='failed' stop='1669608898347'>
                    <name>Validate the sales sku's</name>
                    <title>Validate the sales sku's</title>
                    <attachments>
                        <attachment title='Screenshot' source='1c707558-3832-4bb0-a8b9-36243d70cf91-attachment.png' type='image/png' size='310579'/>
                    </attachments>
                    <steps/>
                </step>
            </steps>
            <attachments/>
            <failure>
                <message>expect(received).toEqual(expected) // deep equality
                
                Expected: "DDLKNA23"
                Received: "SD02DM04"</message>
                <stack-trace>Error: expect(received).toEqual(expected) // deep equality
                
                Expected: "DDLKNA23"
                Received: "SD02DM04"
                    at Context.&lt;anonymous> (/Users/shrinathmotappamirashi/Documents/seenu/qa-automation-oms/oms/oos/test/tlp-orders/single-order/ukg-order/cbse/testTlpSingleClass2.js:98:32)
                    at processTicksAndRejections (node:internal/process/task_queues:96:5)</stack-trace>
            </failure>
        </test-case>
        <test-case start='1669608898347' status='passed' stop='1669608909209'>
            <name>Verifying changing the status to Confirmed and Verify the order status history</name>
            <title>Verifying changing the status to Confirmed and Verify the order status history</title>
            <labels>
                <label name='language' value='javascript'/>
                <label name='framework' value='wdio'/>
                <label name='thread' value='0-0'/>
            </labels>
            <parameters>
                <parameter kind='argument' name='browser' value='chrome-107.0.5304.110'/>
            </parameters>
            <steps>
                <step start='1669608898347' status='passed' stop='1669608909208'>
                    <name>Verify change status to Confirmed and verify order status history</name>
                    <title>Verify change status to Confirmed and verify order status history</title>
                    <attachments/>
                    <steps/>
                </step>
            </steps>
            <attachments/>
        </test-case>
        <test-case start='1669608909209' status='passed' stop='1669608917665'>
            <name>Verifying the order details and payment values from UI are equal to the values in Kart collection</name>
            <title>Verifying the order details and payment values from UI are equal to the values in Kart collection</title>
            <labels>
                <label name='language' value='javascript'/>
                <label name='framework' value='wdio'/>
                <label name='thread' value='0-0'/>
            </labels>
            <parameters>
                <parameter kind='argument' name='browser' value='chrome-107.0.5304.110'/>
            </parameters>
            <steps>
                <step start='1669608909209' status='undefined'>
                    <name>Maximize the window</name>
                    <title>Maximize the window</title>
                    <attachments/>
                    <steps>
                        <step start='1669608912953' status='undefined'>
                            <name>Copy order details and payments from UI</name>
                            <title>Copy order details and payments from UI</title>
                            <attachments/>
                            <steps>
                                <step start='1669608914080' status='undefined'>
                                    <name>Get order details and payments from draft order collection</name>
                                    <title>Get order details and payments from draft order collection</title>
                                    <attachments/>
                                    <steps>
                                        <step start='1669608917665' status='undefined'>
                                            <name>Validate the payment value on sales order page is equal to Sku sub total amount</name>
                                            <title>Validate the payment value on sales order page is equal to Sku sub total amount</title>
                                            <attachments/>
                                            <steps>
                                                <step start='1669608917665' status='passed' stop='1669608917665'>
                                                    <name>Validate the order details and payment values from UI are equal to the values from DB</name>
                                                    <title>Validate the order details and payment values from UI are equal to the values from DB</title>
                                                    <attachments/>
                                                    <steps/>
                                                </step>
                                            </steps>
                                        </step>
                                    </steps>
                                </step>
                            </steps>
                        </step>
                    </steps>
                </step>
            </steps>
            <attachments/>
        </test-case>
        <test-case start='1669608917665' status='passed' stop='1669608921971'>
            <name>Verify sales and customer details</name>
            <title>Verify sales and customer details</title>
            <labels>
                <label name='language' value='javascript'/>
                <label name='framework' value='wdio'/>
                <label name='thread' value='0-0'/>
            </labels>
            <parameters>
                <parameter kind='argument' name='browser' value='chrome-107.0.5304.110'/>
            </parameters>
            <steps>
                <step start='1669608917666' status='undefined'>
                    <name>Get address details from draft order Id collection</name>
                    <title>Get address details from draft order Id collection</title>
                    <attachments/>
                    <steps>
                        <step start='1669608919054' status='undefined'>
                            <name>Get customer details from draft order Id collection</name>
                            <title>Get customer details from draft order Id collection</title>
                            <attachments/>
                            <steps>
                                <step start='1669608920698' status='undefined'>
                                    <name>Copy sales and customer details from UI</name>
                                    <title>Copy sales and customer details from UI</title>
                                    <attachments/>
                                    <steps>
                                        <step start='1669608921970' status='undefined'>
                                            <name>Validate the address details from UI matches with details from draft order collection</name>
                                            <title>Validate the address details from UI matches with details from draft order collection</title>
                                            <attachments/>
                                            <steps>
                                                <step start='1669608921970' status='passed' stop='1669608921970'>
                                                    <name>Validate the customer details from UI matches with details from draft order collection</name>
                                                    <title>Validate the customer details from UI matches with details from draft order collection</title>
                                                    <attachments/>
                                                    <steps/>
                                                </step>
                                            </steps>
                                        </step>
                                    </steps>
                                </step>
                            </steps>
                        </step>
                    </steps>
                </step>
            </steps>
            <attachments/>
        </test-case>
        <test-case start='1669608921971' status='broken' stop='1669608952177'>
            <name>Verify the sum of sku values should match the sub total amount</name>
            <title>Verify the sum of sku values should match the sub total amount</title>
            <labels>
                <label name='language' value='javascript'/>
                <label name='framework' value='wdio'/>
                <label name='thread' value='0-0'/>
            </labels>
            <parameters>
                <parameter kind='argument' name='browser' value='chrome-107.0.5304.110'/>
            </parameters>
            <steps>
                <step start='1669608921971' status='broken' stop='1669608952177'>
                    <name>Wait for Toggle button to be Clickable</name>
                    <title>Wait for Toggle button to be Clickable</title>
                    <attachments>
                        <attachment title='Screenshot' source='3c247802-d6ae-4204-b29d-ab9a5dcd4a60-attachment.png' type='image/png' size='302002'/>
                    </attachments>
                    <steps/>
                </step>
            </steps>
            <attachments/>
            <failure>
                <message>element ("button[title='Toggle to sales SKUs']") still not clickable after 30000ms</message>
                <stack-trace>Error: element ("button[title='Toggle to sales SKUs']") still not clickable after 30000ms
                    at Context.&lt;anonymous> (/Users/shrinathmotappamirashi/Documents/seenu/qa-automation-oms/oms/oos/test/tlp-orders/single-order/ukg-order/cbse/testTlpSingleClass2.js:146:9)</stack-trace>
            </failure>
        </test-case>
        <test-case start='1669608952177' status='passed' stop='1669608969502'>
            <name>Verify raise priority option</name>
            <title>Verify raise priority option</title>
            <labels>
                <label name='language' value='javascript'/>
                <label name='framework' value='wdio'/>
                <label name='thread' value='0-0'/>
            </labels>
            <parameters>
                <parameter kind='argument' name='browser' value='chrome-107.0.5304.110'/>
            </parameters>
            <steps>
                <step start='1669608952178' status='passed' stop='1669608969501'>
                    <name>Verify raise priority option</name>
                    <title>Verify raise priority option</title>
                    <attachments/>
                    <steps/>
                </step>
            </steps>
            <attachments/>
        </test-case>
    </test-cases>
</ns2:test-suite>