<?xml version='1.0'?>
<ns2:test-suite xmlns:ns2='urn:model.allure.qatools.yandex.ru' start='1669609255574' stop='1669609341267'>
    <name>Validating UKG Single order</name>
    <title>Validating UKG Single order</title>
    <test-cases>
        <test-case start='1669609255574' status='passed' stop='1669609260263'>
            <name>Adding json to collections for generating the Order Id</name>
            <title>Adding json to collections for generating the Order Id</title>
            <labels>
                <label name='language' value='javascript'/>
                <label name='framework' value='wdio'/>
                <label name='thread' value='0-0'/>
            </labels>
            <parameters>
                <parameter kind='argument' name='browser' value='chrome-107.0.5304.110'/>
            </parameters>
            <steps>
                <step start='1669609255574' status='undefined'>
                    <name>Adding order to Sales order Collection</name>
                    <title>Adding order to Sales order Collection</title>
                    <attachments/>
                    <steps>
                        <step start='1669609257264' status='undefined'>
                            <name>Adding order to Sales Sub order Collection</name>
                            <title>Adding order to Sales Sub order Collection</title>
                            <attachments/>
                            <steps>
                                <step start='1669609258761' status='passed' stop='1669609260263'>
                                    <name>Adding order to draft order Collection</name>
                                    <title>Adding order to draft order Collection</title>
                                    <attachments/>
                                    <steps/>
                                </step>
                            </steps>
                        </step>
                    </steps>
                </step>
            </steps>
            <attachments/>
        </test-case>
        <test-case start='1669609260264' status='passed' stop='1669609284187'>
            <name>log in into oms</name>
            <title>log in into oms</title>
            <labels>
                <label name='language' value='javascript'/>
                <label name='framework' value='wdio'/>
                <label name='thread' value='0-0'/>
            </labels>
            <parameters>
                <parameter kind='argument' name='browser' value='chrome-107.0.5304.110'/>
            </parameters>
            <steps>
                <step start='1669609260264' status='undefined'>
                    <name>Maximize the window</name>
                    <title>Maximize the window</title>
                    <attachments/>
                    <steps>
                        <step start='1669609260519' status='passed' stop='1669609262866'>
                            <name>Open Byjus OMS page</name>
                            <title>Open Byjus OMS page</title>
                            <attachments/>
                            <steps/>
                        </step>
                        <step start='1669609262866' status='undefined'>
                            <name>Login to the Home page</name>
                            <title>Login to the Home page</title>
                            <attachments/>
                            <steps/>
                        </step>
                    </steps>
                </step>
            </steps>
            <attachments/>
        </test-case>
        <test-case start='1669609284188' status='passed' stop='1669609291288'>
            <name>Verifying the Sales order Id details</name>
            <title>Verifying the Sales order Id details</title>
            <labels>
                <label name='language' value='javascript'/>
                <label name='framework' value='wdio'/>
                <label name='thread' value='0-0'/>
            </labels>
            <parameters>
                <parameter kind='argument' name='browser' value='chrome-107.0.5304.110'/>
            </parameters>
            <steps>
                <step start='1669609284188' status='undefined'>
                    <name>Verifying the Sales order Id details</name>
                    <title>Verifying the Sales order Id details</title>
                    <attachments/>
                    <steps/>
                </step>
            </steps>
            <attachments/>
        </test-case>
        <test-case start='1669609291288' status='passed' stop='1669609291841'>
            <name>Verify PID is generated</name>
            <title>Verify PID is generated</title>
            <labels>
                <label name='language' value='javascript'/>
                <label name='framework' value='wdio'/>
                <label name='thread' value='0-0'/>
            </labels>
            <parameters>
                <parameter kind='argument' name='browser' value='chrome-107.0.5304.110'/>
            </parameters>
            <steps>
                <step start='1669609291288' status='undefined'>
                    <name>Scroll to PID button</name>
                    <title>Scroll to PID button</title>
                    <attachments/>
                    <steps>
                        <step start='1669609291828' status='passed' stop='1669609291841'>
                            <name>Verify the PID is displayed</name>
                            <title>Verify the PID is displayed</title>
                            <attachments/>
                            <steps/>
                        </step>
                    </steps>
                </step>
            </steps>
            <attachments/>
        </test-case>
        <test-case start='1669609291841' status='failed' stop='1669609295210'>
            <name>Verify the shipment skus and skus name</name>
            <title>Verify the shipment skus and skus name</title>
            <labels>
                <label name='language' value='javascript'/>
                <label name='framework' value='wdio'/>
                <label name='thread' value='0-0'/>
            </labels>
            <parameters>
                <parameter kind='argument' name='browser' value='chrome-107.0.5304.110'/>
            </parameters>
            <steps>
                <step start='1669609294998' status='failed' stop='1669609295210'>
                    <name>Validate the shipment sku's</name>
                    <title>Validate the shipment sku's</title>
                    <attachments>
                        <attachment title='Screenshot' source='57e36881-39fe-4b33-8133-b5391a27d164-attachment.png' type='image/png' size='314137'/>
                    </attachments>
                    <steps/>
                </step>
            </steps>
            <attachments/>
            <failure>
                <message>expect(received).toEqual(expected) // deep equality
                
                Expected: "D1NALKLK"
                Received: "test00445511"</message>
                <stack-trace>Error: expect(received).toEqual(expected) // deep equality
                
                Expected: "D1NALKLK"
                Received: "test00445511"
                    at Context.&lt;anonymous> (/Users/shrinathmotappamirashi/Documents/seenu/qa-automation-oms/oms/oos/test/tlp-orders/single-order/ukg-order/cbse/testTlpSingleClass2.js:76:35)
                    at processTicksAndRejections (node:internal/process/task_queues:96:5)</stack-trace>
            </failure>
        </test-case>
        <test-case start='1669609295210' status='failed' stop='1669609298484'>
            <name>Verify the sales skus and skus names</name>
            <title>Verify the sales skus and skus names</title>
            <labels>
                <label name='language' value='javascript'/>
                <label name='framework' value='wdio'/>
                <label name='thread' value='0-0'/>
            </labels>
            <parameters>
                <parameter kind='argument' name='browser' value='chrome-107.0.5304.110'/>
            </parameters>
            <steps>
                <step start='1669609298295' status='failed' stop='1669609298484'>
                    <name>Validate the sales sku's</name>
                    <title>Validate the sales sku's</title>
                    <attachments>
                        <attachment title='Screenshot' source='f7c9a0dc-7749-4299-b54d-acbebae89f10-attachment.png' type='image/png' size='314137'/>
                    </attachments>
                    <steps/>
                </step>
            </steps>
            <attachments/>
            <failure>
                <message>expect(received).toEqual(expected) // deep equality
                
                Expected: "DDLKNA23"
                Received: "SD02DM04"</message>
                <stack-trace>Error: expect(received).toEqual(expected) // deep equality
                
                Expected: "DDLKNA23"
                Received: "SD02DM04"
                    at Context.&lt;anonymous> (/Users/shrinathmotappamirashi/Documents/seenu/qa-automation-oms/oms/oos/test/tlp-orders/single-order/ukg-order/cbse/testTlpSingleClass2.js:98:32)
                    at processTicksAndRejections (node:internal/process/task_queues:96:5)</stack-trace>
            </failure>
        </test-case>
        <test-case start='1669609298484' status='passed' stop='1669609308905'>
            <name>Verifying changing the status to Confirmed and Verify the order status history</name>
            <title>Verifying changing the status to Confirmed and Verify the order status history</title>
            <labels>
                <label name='language' value='javascript'/>
                <label name='framework' value='wdio'/>
                <label name='thread' value='0-0'/>
            </labels>
            <parameters>
                <parameter kind='argument' name='browser' value='chrome-107.0.5304.110'/>
            </parameters>
            <steps>
                <step start='1669609298484' status='passed' stop='1669609308905'>
                    <name>Verify change status to Confirmed and verify order status history</name>
                    <title>Verify change status to Confirmed and verify order status history</title>
                    <attachments/>
                    <steps/>
                </step>
            </steps>
            <attachments/>
        </test-case>
        <test-case start='1669609308906' status='passed' stop='1669609314379'>
            <name>Verifying the order details and payment values from UI are equal to the values in Kart collection</name>
            <title>Verifying the order details and payment values from UI are equal to the values in Kart collection</title>
            <labels>
                <label name='language' value='javascript'/>
                <label name='framework' value='wdio'/>
                <label name='thread' value='0-0'/>
            </labels>
            <parameters>
                <parameter kind='argument' name='browser' value='chrome-107.0.5304.110'/>
            </parameters>
            <steps>
                <step start='1669609308906' status='undefined'>
                    <name>Maximize the window</name>
                    <title>Maximize the window</title>
                    <attachments/>
                    <steps>
                        <step start='1669609312275' status='undefined'>
                            <name>Copy order details and payments from UI</name>
                            <title>Copy order details and payments from UI</title>
                            <attachments/>
                            <steps>
                                <step start='1669609312886' status='undefined'>
                                    <name>Get order details and payments from draft order collection</name>
                                    <title>Get order details and payments from draft order collection</title>
                                    <attachments/>
                                    <steps>
                                        <step start='1669609314377' status='undefined'>
                                            <name>Validate the payment value on sales order page is equal to Sku sub total amount</name>
                                            <title>Validate the payment value on sales order page is equal to Sku sub total amount</title>
                                            <attachments/>
                                            <steps>
                                                <step start='1669609314378' status='passed' stop='1669609314379'>
                                                    <name>Validate the order details and payment values from UI are equal to the values from DB</name>
                                                    <title>Validate the order details and payment values from UI are equal to the values from DB</title>
                                                    <attachments/>
                                                    <steps/>
                                                </step>
                                            </steps>
                                        </step>
                                    </steps>
                                </step>
                            </steps>
                        </step>
                    </steps>
                </step>
            </steps>
            <attachments/>
        </test-case>
        <test-case start='1669609314379' status='passed' stop='1669609318625'>
            <name>Verify sales and customer details</name>
            <title>Verify sales and customer details</title>
            <labels>
                <label name='language' value='javascript'/>
                <label name='framework' value='wdio'/>
                <label name='thread' value='0-0'/>
            </labels>
            <parameters>
                <parameter kind='argument' name='browser' value='chrome-107.0.5304.110'/>
            </parameters>
            <steps>
                <step start='1669609314380' status='undefined'>
                    <name>Get address details from draft order Id collection</name>
                    <title>Get address details from draft order Id collection</title>
                    <attachments/>
                    <steps>
                        <step start='1669609315757' status='undefined'>
                            <name>Get customer details from draft order Id collection</name>
                            <title>Get customer details from draft order Id collection</title>
                            <attachments/>
                            <steps>
                                <step start='1669609317350' status='undefined'>
                                    <name>Copy sales and customer details from UI</name>
                                    <title>Copy sales and customer details from UI</title>
                                    <attachments/>
                                    <steps>
                                        <step start='1669609318624' status='undefined'>
                                            <name>Validate the address details from UI matches with details from draft order collection</name>
                                            <title>Validate the address details from UI matches with details from draft order collection</title>
                                            <attachments/>
                                            <steps>
                                                <step start='1669609318624' status='passed' stop='1669609318625'>
                                                    <name>Validate the customer details from UI matches with details from draft order collection</name>
                                                    <title>Validate the customer details from UI matches with details from draft order collection</title>
                                                    <attachments/>
                                                    <steps/>
                                                </step>
                                            </steps>
                                        </step>
                                    </steps>
                                </step>
                            </steps>
                        </step>
                    </steps>
                </step>
            </steps>
            <attachments/>
        </test-case>
        <test-case start='1669609318625' status='passed' stop='1669609336189'>
            <name>Verify raise priority option</name>
            <title>Verify raise priority option</title>
            <labels>
                <label name='language' value='javascript'/>
                <label name='framework' value='wdio'/>
                <label name='thread' value='0-0'/>
            </labels>
            <parameters>
                <parameter kind='argument' name='browser' value='chrome-107.0.5304.110'/>
            </parameters>
            <steps>
                <step start='1669609318625' status='passed' stop='1669609336189'>
                    <name>Verify raise priority option</name>
                    <title>Verify raise priority option</title>
                    <attachments/>
                    <steps/>
                </step>
            </steps>
            <attachments/>
        </test-case>
        <test-case start='1669609336189' status='passed' stop='1669609341265'>
            <name>Verify the sum of sku values should match the sub total amount</name>
            <title>Verify the sum of sku values should match the sub total amount</title>
            <labels>
                <label name='language' value='javascript'/>
                <label name='framework' value='wdio'/>
                <label name='thread' value='0-0'/>
            </labels>
            <parameters>
                <parameter kind='argument' name='browser' value='chrome-107.0.5304.110'/>
            </parameters>
            <steps>
                <step start='1669609336189' status='undefined'>
                    <name>Wait for Toggle button to be Clickable</name>
                    <title>Wait for Toggle button to be Clickable</title>
                    <attachments/>
                    <steps>
                        <step start='1669609336216' status='undefined'>
                            <name>Scroll to Toggle button</name>
                            <title>Scroll to Toggle button</title>
                            <attachments/>
                            <steps>
                                <step start='1669609336227' status='passed' stop='1669609341264'>
                                    <name>Click on Toggle button</name>
                                    <title>Click on Toggle button</title>
                                    <attachments/>
                                    <steps/>
                                </step>
                            </steps>
                        </step>
                    </steps>
                </step>
            </steps>
            <attachments/>
        </test-case>
    </test-cases>
</ns2:test-suite>