<?xml version='1.0'?>
<ns2:test-suite xmlns:ns2='urn:model.allure.qatools.yandex.ru' start='1674444194635' stop='1674444198833'>
    <name>btlp workflow</name>
    <title>btlp workflow</title>
    <test-cases>
        <test-case start='1674444194636' status='passed' stop='1674444198790'>
            <name>Adding json to collections for generating the Order Id</name>
            <title>Adding json to collections for generating the Order Id</title>
            <labels>
                <label name='language' value='javascript'/>
                <label name='framework' value='wdio'/>
                <label name='thread' value='0-0'/>
            </labels>
            <parameters>
                <parameter kind='argument' name='browser' value='chrome-109.0.5414.87'/>
            </parameters>
            <steps>
                <step start='1674444194739' status='undefined'>
                    <name>Adding order to Sales order Collection</name>
                    <title>Adding order to Sales order Collection</title>
                    <attachments/>
                    <steps>
                        <step start='1674444197115' status='passed' stop='1674444198790'>
                            <name>Adding order to Sales Sub order Collection</name>
                            <title>Adding order to Sales Sub order Collection</title>
                            <attachments/>
                            <steps/>
                        </step>
                    </steps>
                </step>
            </steps>
            <attachments/>
        </test-case>
        <test-case start='1674444198791' status='broken' stop='1674444198820'>
            <name>btlp forward workflow</name>
            <title>btlp forward workflow</title>
            <labels>
                <label name='language' value='javascript'/>
                <label name='framework' value='wdio'/>
                <label name='thread' value='0-0'/>
            </labels>
            <parameters>
                <parameter kind='argument' name='browser' value='chrome-109.0.5414.87'/>
            </parameters>
            <steps>
                <step start='1674444198791' status='broken' stop='1674444198820'>
                    <name>Maximize the window</name>
                    <title>Maximize the window</title>
                    <attachments/>
                    <steps/>
                </step>
            </steps>
            <attachments/>
            <failure>
                <message>no such window: target window already closed
                from unknown error: web view not found
                  (Session info: chrome=109.0.5414.87)</message>
                <stack-trace>no such window: no such window: target window already closed
                from unknown error: web view not found
                  (Session info: chrome=109.0.5414.87)
                    at processTicksAndRejections (node:internal/process/task_queues:96:5)
                    at Context.&lt;anonymous> (/Users/shrinathmotappamirashi/Documents/seenu/qa-automation-oms/oms/oos/test/akash_Tlp_Smoke_Testings/forwardAndReveresFlow.js:40:9)</stack-trace>
            </failure>
        </test-case>
        <test-case start='1674444198820' status='broken' stop='1674444198833'>
            <name>btlp reveres workflow</name>
            <title>btlp reveres workflow</title>
            <labels>
                <label name='language' value='javascript'/>
                <label name='framework' value='wdio'/>
                <label name='thread' value='0-0'/>
            </labels>
            <parameters>
                <parameter kind='argument' name='browser' value='chrome-109.0.5414.87'/>
            </parameters>
            <steps>
                <step start='1674444198820' status='broken' stop='1674444198833'>
                    <name>Maximize the window</name>
                    <title>Maximize the window</title>
                    <attachments/>
                    <steps/>
                </step>
            </steps>
            <attachments/>
            <failure>
                <message>no such window: target window already closed
                from unknown error: web view not found
                  (Session info: chrome=109.0.5414.87)</message>
                <stack-trace>no such window: no such window: target window already closed
                from unknown error: web view not found
                  (Session info: chrome=109.0.5414.87)
                    at processTicksAndRejections (node:internal/process/task_queues:96:5)
                    at Context.&lt;anonymous> (/Users/shrinathmotappamirashi/Documents/seenu/qa-automation-oms/oms/oos/test/akash_Tlp_Smoke_Testings/forwardAndReveresFlow.js:74:9)</stack-trace>
            </failure>
        </test-case>
    </test-cases>
</ns2:test-suite>