<?xml version='1.0'?>
<ns2:test-suite xmlns:ns2='urn:model.allure.qatools.yandex.ru' start='1669285677376' stop='1669285733046'>
    <name>Validating UKG Single order</name>
    <title>Validating UKG Single order</title>
    <test-cases>
        <test-case start='1669285677376' status='passed' stop='1669285705101'>
            <name>Adding json to collections for generating the Order Id</name>
            <title>Adding json to collections for generating the Order Id</title>
            <labels>
                <label name='language' value='javascript'/>
                <label name='framework' value='wdio'/>
                <label name='thread' value='0-0'/>
            </labels>
            <parameters>
                <parameter kind='argument' name='browser' value='chrome-107.0.5304.110'/>
            </parameters>
            <steps>
                <step start='1669285677376' status='undefined'>
                    <name>"before each" hook for Validating UKG Single order</name>
                    <title>"before each" hook for Validating UKG Single order</title>
                    <attachments/>
                    <steps>
                        <step start='1669285677376' status='undefined'>
                            <name>Maximize the window</name>
                            <title>Maximize the window</title>
                            <attachments/>
                            <steps>
                                <step start='1669285677506' status='passed' stop='1669285679672'>
                                    <name>Open Byjus OMS page</name>
                                    <title>Open Byjus OMS page</title>
                                    <attachments/>
                                    <steps/>
                                </step>
                                <step start='1669285679672' status='passed' stop='1669285700917'>
                                    <name>Login to the Home page</name>
                                    <title>Login to the Home page</title>
                                    <attachments/>
                                    <steps/>
                                </step>
                                <step start='1669285700917' status='undefined'>
                                    <name>Adding order to Sales order Collection</name>
                                    <title>Adding order to Sales order Collection</title>
                                    <attachments/>
                                    <steps>
                                        <step start='1669285702596' status='undefined'>
                                            <name>Adding order to Sales Sub order Collection</name>
                                            <title>Adding order to Sales Sub order Collection</title>
                                            <attachments/>
                                            <steps>
                                                <step start='1669285703863' status='passed' stop='1669285705100'>
                                                    <name>Adding order to draft order Collection</name>
                                                    <title>Adding order to draft order Collection</title>
                                                    <attachments/>
                                                    <steps/>
                                                </step>
                                            </steps>
                                        </step>
                                    </steps>
                                </step>
                            </steps>
                        </step>
                    </steps>
                </step>
            </steps>
            <attachments/>
        </test-case>
        <test-case start='1669285705103' status='broken' stop='1669285710848'>
            <name>Verifying the Sales order Id details</name>
            <title>Verifying the Sales order Id details</title>
            <labels>
                <label name='language' value='javascript'/>
                <label name='framework' value='wdio'/>
                <label name='thread' value='0-0'/>
            </labels>
            <parameters>
                <parameter kind='argument' name='browser' value='chrome-107.0.5304.110'/>
            </parameters>
            <steps>
                <step start='1669285705104' status='broken' stop='1669285710848'>
                    <name>"before each" hook for Validating UKG Single order</name>
                    <title>"before each" hook for Validating UKG Single order</title>
                    <attachments/>
                    <steps>
                        <step start='1669285705104' status='broken' stop='1669285710848'>
                            <name>Maximize the window</name>
                            <title>Maximize the window</title>
                            <attachments/>
                            <steps>
                                <step start='1669285705215' status='passed' stop='1669285705580'>
                                    <name>Open Byjus OMS page</name>
                                    <title>Open Byjus OMS page</title>
                                    <attachments/>
                                    <steps/>
                                </step>
                                <step start='1669285705580' status='passed' stop='1669285710615'>
                                    <name>Login to the Home page</name>
                                    <title>Login to the Home page</title>
                                    <attachments/>
                                    <steps/>
                                </step>
                                <step start='1669285710615' status='broken' stop='1669285710848'>
                                    <name>Verifying the Sales order Id details</name>
                                    <title>Verifying the Sales order Id details</title>
                                    <attachments>
                                        <attachment title='Screenshot' source='770be4e5-2f58-44ef-b10b-d7cf9b092504-attachment.png' type='image/png' size='212725'/>
                                    </attachments>
                                    <steps/>
                                </step>
                            </steps>
                        </step>
                    </steps>
                </step>
            </steps>
            <attachments/>
            <failure>
                <message>this.ordersTab.waitForClickable is not a function</message>
                <stack-trace>TypeError: this.ordersTab.waitForClickable is not a function
                    at verifyOmsOrderDetails.verifySalesOrderDetails (/Users/shrinathmotappamirashi/Documents/seenu/qa-automation-oms/oms/oos/pages/verifyOmsOrderDetails.js:244:30)
                    at Context.&lt;anonymous> (/Users/shrinathmotappamirashi/Documents/seenu/qa-automation-oms/oms/oos/test/tlp-orders/single-order/ukg-order/cbse/testTlpSingleOrderUkg.js:41:37)
                    at processTicksAndRejections (node:internal/process/task_queues:96:5)</stack-trace>
            </failure>
        </test-case>
        <test-case start='1669285710848' status='broken' stop='1669285716172'>
            <name>Verify the Addon Items Skus</name>
            <title>Verify the Addon Items Skus</title>
            <labels>
                <label name='language' value='javascript'/>
                <label name='framework' value='wdio'/>
                <label name='thread' value='0-0'/>
            </labels>
            <parameters>
                <parameter kind='argument' name='browser' value='chrome-107.0.5304.110'/>
            </parameters>
            <steps>
                <step start='1669285710848' status='broken' stop='1669285716172'>
                    <name>"before each" hook for Validating UKG Single order</name>
                    <title>"before each" hook for Validating UKG Single order</title>
                    <attachments/>
                    <steps>
                        <step start='1669285710848' status='broken' stop='1669285716172'>
                            <name>Maximize the window</name>
                            <title>Maximize the window</title>
                            <attachments/>
                            <steps>
                                <step start='1669285710954' status='passed' stop='1669285710954'>
                                    <name>Open Byjus OMS page</name>
                                    <title>Open Byjus OMS page</title>
                                    <attachments/>
                                    <steps/>
                                </step>
                                <step start='1669285710954' status='passed' stop='1669285715992'>
                                    <name>Login to the Home page</name>
                                    <title>Login to the Home page</title>
                                    <attachments/>
                                    <steps/>
                                </step>
                                <step start='1669285715992' status='broken' stop='1669285716172'>
                                    <name>Wait for the orders tab to be clickable</name>
                                    <title>Wait for the orders tab to be clickable</title>
                                    <attachments>
                                        <attachment title='Screenshot' source='43640b8b-aab5-44ad-ac14-60b9988283dc-attachment.png' type='image/png' size='212794'/>
                                    </attachments>
                                    <steps/>
                                </step>
                            </steps>
                        </step>
                    </steps>
                </step>
            </steps>
            <attachments/>
            <failure>
                <message>_verifyOmsOrderDetails.default.ordersTab.waitForClickable is not a function</message>
                <stack-trace>TypeError: _verifyOmsOrderDetails.default.ordersTab.waitForClickable is not a function
                    at Context.&lt;anonymous> (/Users/shrinathmotappamirashi/Documents/seenu/qa-automation-oms/oms/oos/test/tlp-orders/single-order/ukg-order/cbse/testTlpSingleOrderUkg.js:47:47)
                    at processTicksAndRejections (node:internal/process/task_queues:96:5)</stack-trace>
            </failure>
        </test-case>
        <test-case start='1669285716172' status='broken' stop='1669285721823'>
            <name>Verifying changing the status to Confirmed and Verify the order status history</name>
            <title>Verifying changing the status to Confirmed and Verify the order status history</title>
            <labels>
                <label name='language' value='javascript'/>
                <label name='framework' value='wdio'/>
                <label name='thread' value='0-0'/>
            </labels>
            <parameters>
                <parameter kind='argument' name='browser' value='chrome-107.0.5304.110'/>
            </parameters>
            <steps>
                <step start='1669285716172' status='broken' stop='1669285721823'>
                    <name>"before each" hook for Validating UKG Single order</name>
                    <title>"before each" hook for Validating UKG Single order</title>
                    <attachments/>
                    <steps>
                        <step start='1669285716172' status='broken' stop='1669285721823'>
                            <name>Maximize the window</name>
                            <title>Maximize the window</title>
                            <attachments/>
                            <steps>
                                <step start='1669285716277' status='passed' stop='1669285716635'>
                                    <name>Open Byjus OMS page</name>
                                    <title>Open Byjus OMS page</title>
                                    <attachments/>
                                    <steps/>
                                </step>
                                <step start='1669285716635' status='passed' stop='1669285721675'>
                                    <name>Login to the Home page</name>
                                    <title>Login to the Home page</title>
                                    <attachments/>
                                    <steps/>
                                </step>
                                <step start='1669285721675' status='broken' stop='1669285721823'>
                                    <name>Verify change status to Confirmed and verify order status history</name>
                                    <title>Verify change status to Confirmed and verify order status history</title>
                                    <attachments>
                                        <attachment title='Screenshot' source='61cb2d85-26b3-4854-bd5f-0bb8ec028a63-attachment.png' type='image/png' size='178722'/>
                                    </attachments>
                                    <steps/>
                                </step>
                            </steps>
                        </step>
                    </steps>
                </step>
            </steps>
            <attachments/>
            <failure>
                <message>this.subOrdersTab.click is not a function</message>
                <stack-trace>TypeError: this.subOrdersTab.click is not a function
                    at verifyOmsOrderDetails.changeStatusToConfirmedAndVerifyOrderStatusHistory (/Users/shrinathmotappamirashi/Documents/seenu/qa-automation-oms/oms/oos/pages/verifyOmsOrderDetails.js:263:33)
                    at Context.&lt;anonymous> (/Users/shrinathmotappamirashi/Documents/seenu/qa-automation-oms/oms/oos/test/tlp-orders/single-order/ukg-order/cbse/testTlpSingleOrderUkg.js:70:37)
                    at processTicksAndRejections (node:internal/process/task_queues:96:5)</stack-trace>
            </failure>
        </test-case>
        <test-case start='1669285721823' status='broken' stop='1669285727446'>
            <name>Verifying the order details and payment values from UI are equal to the values in Kart collection</name>
            <title>Verifying the order details and payment values from UI are equal to the values in Kart collection</title>
            <labels>
                <label name='language' value='javascript'/>
                <label name='framework' value='wdio'/>
                <label name='thread' value='0-0'/>
            </labels>
            <parameters>
                <parameter kind='argument' name='browser' value='chrome-107.0.5304.110'/>
            </parameters>
            <steps>
                <step start='1669285721823' status='broken' stop='1669285727446'>
                    <name>"before each" hook for Validating UKG Single order</name>
                    <title>"before each" hook for Validating UKG Single order</title>
                    <attachments/>
                    <steps>
                        <step start='1669285721824' status='broken' stop='1669285727446'>
                            <name>Maximize the window</name>
                            <title>Maximize the window</title>
                            <attachments/>
                            <steps>
                                <step start='1669285721928' status='passed' stop='1669285722254'>
                                    <name>Open Byjus OMS page</name>
                                    <title>Open Byjus OMS page</title>
                                    <attachments/>
                                    <steps/>
                                </step>
                                <step start='1669285722254' status='passed' stop='1669285727279'>
                                    <name>Login to the Home page</name>
                                    <title>Login to the Home page</title>
                                    <attachments/>
                                    <steps/>
                                </step>
                                <step start='1669285727280' status='broken' stop='1669285727446'>
                                    <name>Copy order details and payments from UI</name>
                                    <title>Copy order details and payments from UI</title>
                                    <attachments>
                                        <attachment title='Screenshot' source='2bcab09a-d988-41db-be6f-770b4145e40d-attachment.png' type='image/png' size='178722'/>
                                    </attachments>
                                    <steps/>
                                </step>
                            </steps>
                        </step>
                    </steps>
                </step>
            </steps>
            <attachments/>
            <failure>
                <message>this.customerName.waitForClickable is not a function</message>
                <stack-trace>TypeError: this.customerName.waitForClickable is not a function
                    at verifyOmsOrderDetails.verifyOrderDetailsAndPayments (/Users/shrinathmotappamirashi/Documents/seenu/qa-automation-oms/oms/oos/pages/verifyOmsOrderDetails.js:300:33)
                    at Context.&lt;anonymous> (/Users/shrinathmotappamirashi/Documents/seenu/qa-automation-oms/oms/oos/test/tlp-orders/single-order/ukg-order/cbse/testTlpSingleOrderUkg.js:76:69)
                    at processTicksAndRejections (node:internal/process/task_queues:96:5)</stack-trace>
            </failure>
        </test-case>
        <test-case start='1669285727446' status='undefined'>
            <name>Verify the Shipemnt skus</name>
            <title>Verify the Shipemnt skus</title>
            <labels>
                <label name='language' value='javascript'/>
                <label name='framework' value='wdio'/>
                <label name='thread' value='0-0'/>
            </labels>
            <parameters>
                <parameter kind='argument' name='browser' value='chrome-107.0.5304.110'/>
            </parameters>
            <steps>
                <step start='1669285727447' status='undefined'>
                    <name>"before each" hook for Validating UKG Single order</name>
                    <title>"before each" hook for Validating UKG Single order</title>
                    <attachments/>
                    <steps>
                        <step start='1669285727447' status='undefined'>
                            <name>Maximize the window</name>
                            <title>Maximize the window</title>
                            <attachments/>
                            <steps>
                                <step start='1669285727551' status='passed' stop='1669285728004'>
                                    <name>Open Byjus OMS page</name>
                                    <title>Open Byjus OMS page</title>
                                    <attachments/>
                                    <steps/>
                                </step>
                                <step start='1669285728004' status='failed' stop='1669285733045'>
                                    <name>Login to the Home page</name>
                                    <title>Login to the Home page</title>
                                    <attachments/>
                                    <steps/>
                                </step>
                            </steps>
                        </step>
                    </steps>
                </step>
            </steps>
            <attachments/>
        </test-case>
    </test-cases>
</ns2:test-suite>