<?xml version='1.0'?>
<ns2:test-suite xmlns:ns2='urn:model.allure.qatools.yandex.ru' start='1667563574082' stop='1667563658734'>
    <name>btlp workflow</name>
    <title>btlp workflow</title>
    <test-cases>
        <test-case start='1667563574083' status='passed' stop='1667563577519'>
            <name>Adding json to collections for generating the Order Id</name>
            <title>Adding json to collections for generating the Order Id</title>
            <labels>
                <label name='language' value='javascript'/>
                <label name='framework' value='wdio'/>
                <label name='thread' value='0-0'/>
            </labels>
            <parameters>
                <parameter kind='argument' name='browser' value='chrome-107.0.5304.87'/>
            </parameters>
            <steps>
                <step start='1667563574105' status='undefined'>
                    <name>Adding order to Sales order Collection</name>
                    <title>Adding order to Sales order Collection</title>
                    <attachments/>
                    <steps>
                        <step start='1667563575965' status='passed' stop='1667563577518'>
                            <name>Adding order to Sales Sub order Collection</name>
                            <title>Adding order to Sales Sub order Collection</title>
                            <attachments/>
                            <steps/>
                        </step>
                    </steps>
                </step>
            </steps>
            <attachments/>
        </test-case>
        <test-case start='1667563577520' status='broken' stop='1667563648483'>
            <name>btlp forward workflow</name>
            <title>btlp forward workflow</title>
            <labels>
                <label name='language' value='javascript'/>
                <label name='framework' value='wdio'/>
                <label name='thread' value='0-0'/>
            </labels>
            <parameters>
                <parameter kind='argument' name='browser' value='chrome-107.0.5304.87'/>
            </parameters>
            <steps>
                <step start='1667563577521' status='broken' stop='1667563648483'>
                    <name>Maximize the window</name>
                    <title>Maximize the window</title>
                    <attachments/>
                    <steps>
                        <step start='1667563577664' status='passed' stop='1667563580694'>
                            <name>Open Byjus OMS page</name>
                            <title>Open Byjus OMS page</title>
                            <attachments/>
                            <steps/>
                        </step>
                        <step start='1667563580694' status='broken' stop='1667563648483'>
                            <name>Login to the Home page</name>
                            <title>Login to the Home page</title>
                            <attachments/>
                            <steps>
                                <step start='1667563602938' status='broken' stop='1667563648483'>
                                    <name>Open SSO Id</name>
                                    <title>Open SSO Id</title>
                                    <attachments/>
                                    <steps>
                                        <step start='1667563615095' status='broken' stop='1667563648483'>
                                            <name>adding present owner</name>
                                            <title>adding present owner</title>
                                            <attachments/>
                                            <steps>
                                                <step start='1667563626522' status='broken' stop='1667563648483'>
                                                    <name>impersonating set up user</name>
                                                    <title>impersonating set up user</title>
                                                    <attachments/>
                                                    <steps>
                                                        <step start='1667563641214' status='broken' stop='1667563648483'>
                                                            <name>impersonating is done</name>
                                                            <title>impersonating is done</title>
                                                            <attachments>
                                                                <attachment title='Screenshot' source='ae6dcc53-782d-4dc6-85b8-6fee79b55a6b-attachment.png' type='image/png' size='245497'/>
                                                            </attachments>
                                                            <steps/>
                                                        </step>
                                                    </steps>
                                                </step>
                                            </steps>
                                        </step>
                                    </steps>
                                </step>
                            </steps>
                        </step>
                    </steps>
                </step>
            </steps>
            <attachments/>
            <failure>
                <message>element click intercepted: Element &lt;a href="/orders/product-sales-sub-orders/...">SSO1-2211041736120325&lt;/a> is not clickable at point (473, 253). Other element would receive the click: &lt;div tabindex="-1" class="overlay">...&lt;/div>
                  (Session info: chrome=107.0.5304.87)</message>
                <stack-trace>element click intercepted: element click intercepted: Element &lt;a href="/orders/product-sales-sub-orders/...">SSO1-2211041736120325&lt;/a> is not clickable at point (473, 253). Other element would receive the click: &lt;div tabindex="-1" class="overlay">...&lt;/div>
                  (Session info: chrome=107.0.5304.87)
                    at runMicrotasks (&lt;anonymous>)
                    at processTicksAndRejections (node:internal/process/task_queues:96:5)
                    at OMShomepages.openSSOIdAndMapp (/Users/shrinathmotappamirashi/Documents/seenu/qa-automation-oms/oms/oos/pages/omsSmokeData.js:1011:9)
                    at Context.&lt;anonymous> (/Users/shrinathmotappamirashi/Documents/seenu/qa-automation-oms/oms/oos/test/Btlp_Smoke_Testings/forwardAndReveresFlow.js:58:9)</stack-trace>
            </failure>
        </test-case>
        <test-case start='1667563648484' status='broken' stop='1667563658733'>
            <name>btlp reveres workflow</name>
            <title>btlp reveres workflow</title>
            <labels>
                <label name='language' value='javascript'/>
                <label name='framework' value='wdio'/>
                <label name='thread' value='0-0'/>
            </labels>
            <parameters>
                <parameter kind='argument' name='browser' value='chrome-107.0.5304.87'/>
            </parameters>
            <steps>
                <step start='1667563648484' status='broken' stop='1667563658733'>
                    <name>Maximize the window</name>
                    <title>Maximize the window</title>
                    <attachments/>
                    <steps/>
                </step>
            </steps>
            <attachments/>
            <failure>
                <message>socket hang up</message>
                <stack-trace>RequestError: socket hang up
                    at ClientRequest.&lt;anonymous> (/Users/shrinathmotappamirashi/Documents/seenu/qa-automation-oms/oms/oos/node_modules/got/dist/source/core/index.js:970:111)
                    at Object.onceWrapper (node:events:642:26)
                    at ClientRequest.emit (node:events:539:35)
                    at ClientRequest.emit (node:domain:475:12)
                    at ClientRequest.origin.emit (/Users/shrinathmotappamirashi/Documents/seenu/qa-automation-oms/oms/oos/node_modules/@szmarczak/http-timer/dist/source/index.js:43:20)
                    at Socket.socketOnEnd (node:_http_client:478:9)
                    at Socket.emit (node:events:539:35)
                    at Socket.emit (node:domain:475:12)
                    at endReadableNT (node:internal/streams/readable:1345:12)
                    at connResetException (node:internal/errors:692:14)
                    at Socket.socketOnEnd (node:_http_client:478:23)
                    at Socket.emit (node:events:539:35)
                    at Socket.emit (node:domain:475:12)
                    at endReadableNT (node:internal/streams/readable:1345:12)
                    at processTicksAndRejections (node:internal/process/task_queues:83:21)</stack-trace>
            </failure>
        </test-case>
    </test-cases>
</ns2:test-suite>