<?xml version='1.0'?>
<ns2:test-suite xmlns:ns2='urn:model.allure.qatools.yandex.ru' start='1672807850634' stop='1672807922138'>
    <name>btlp workflow</name>
    <title>btlp workflow</title>
    <test-cases>
        <test-case start='1672807850634' status='passed' stop='1672807855241'>
            <name>Adding json to collections for generating the Order Id</name>
            <title>Adding json to collections for generating the Order Id</title>
            <labels>
                <label name='language' value='javascript'/>
                <label name='framework' value='wdio'/>
                <label name='thread' value='0-0'/>
            </labels>
            <parameters>
                <parameter kind='argument' name='browser' value='chrome-108.0.5359.124'/>
            </parameters>
            <steps>
                <step start='1672807850653' status='undefined'>
                    <name>Adding order to Sales order Collection</name>
                    <title>Adding order to Sales order Collection</title>
                    <attachments/>
                    <steps>
                        <step start='1672807852593' status='undefined'>
                            <name>Adding order to Sales Sub order Collection</name>
                            <title>Adding order to Sales Sub order Collection</title>
                            <attachments/>
                            <steps>
                                <step start='1672807853860' status='passed' stop='1672807855240'>
                                    <name>Adding order to draft order Collection</name>
                                    <title>Adding order to draft order Collection</title>
                                    <attachments/>
                                    <steps/>
                                </step>
                            </steps>
                        </step>
                    </steps>
                </step>
            </steps>
            <attachments/>
        </test-case>
        <test-case start='1672807855242' status='broken' stop='1672807905600'>
            <name>btlp forward workflow</name>
            <title>btlp forward workflow</title>
            <labels>
                <label name='language' value='javascript'/>
                <label name='framework' value='wdio'/>
                <label name='thread' value='0-0'/>
            </labels>
            <parameters>
                <parameter kind='argument' name='browser' value='chrome-108.0.5359.124'/>
            </parameters>
            <steps>
                <step start='1672807855243' status='broken' stop='1672807905600'>
                    <name>Maximize the window</name>
                    <title>Maximize the window</title>
                    <attachments/>
                    <steps>
                        <step start='1672807855668' status='passed' stop='1672807858760'>
                            <name>Open Byjus OMS page</name>
                            <title>Open Byjus OMS page</title>
                            <attachments/>
                            <steps/>
                        </step>
                        <step start='1672807858760' status='broken' stop='1672807905600'>
                            <name>Login to the Home page</name>
                            <title>Login to the Home page</title>
                            <attachments/>
                            <steps>
                                <step start='1672807880074' status='broken' stop='1672807905600'>
                                    <name>Open SSO Id</name>
                                    <title>Open SSO Id</title>
                                    <attachments/>
                                    <steps>
                                        <step start='1672807889685' status='broken' stop='1672807905600'>
                                            <name>adding present owner</name>
                                            <title>adding present owner</title>
                                            <attachments/>
                                            <steps>
                                                <step start='1672807901107' status='broken' stop='1672807905600'>
                                                    <name>impersonating set up user</name>
                                                    <title>impersonating set up user</title>
                                                    <attachments>
                                                        <attachment title='Screenshot' source='78e51b50-7f2c-4842-aa89-7e3d9915ec00-attachment.png' type='image/png' size='179510'/>
                                                    </attachments>
                                                    <steps/>
                                                </step>
                                            </steps>
                                        </step>
                                    </steps>
                                </step>
                            </steps>
                        </step>
                    </steps>
                </step>
            </steps>
            <attachments/>
            <failure>
                <message>element click intercepted: Element &lt;a aria-haspopup="true" href="#" class="nav-link" aria-expanded="false">...&lt;/a> is not clickable at point (1319, 27). Other element would receive the click: &lt;div class="modal fade show" role="dialog" tabindex="-1" style="display: block;">...&lt;/div>
                  (Session info: chrome=108.0.5359.124)</message>
                <stack-trace>element click intercepted: element click intercepted: Element &lt;a aria-haspopup="true" href="#" class="nav-link" aria-expanded="false">...&lt;/a> is not clickable at point (1319, 27). Other element would receive the click: &lt;div class="modal fade show" role="dialog" tabindex="-1" style="display: block;">...&lt;/div>
                  (Session info: chrome=108.0.5359.124)
                    at processTicksAndRejections (node:internal/process/task_queues:96:5)
                    at OMShomepages.impersonateUser (/Users/shrinathmotappamirashi/Documents/seenu/qa-automation-oms/oms/oos/pages/omsSmokeData.js:990:9)
                    at Context.&lt;anonymous> (/Users/shrinathmotappamirashi/Documents/seenu/qa-automation-oms/oms/oos/test/order_types_testing/upgradeOrder/forwardFlow.js:59:9)</stack-trace>
            </failure>
        </test-case>
        <test-case start='1672807905601' status='broken' stop='1672807922137'>
            <name>btlp reveres workflow</name>
            <title>btlp reveres workflow</title>
            <labels>
                <label name='language' value='javascript'/>
                <label name='framework' value='wdio'/>
                <label name='thread' value='0-0'/>
            </labels>
            <parameters>
                <parameter kind='argument' name='browser' value='chrome-108.0.5359.124'/>
            </parameters>
            <steps>
                <step start='1672807905601' status='broken' stop='1672807922137'>
                    <name>Maximize the window</name>
                    <title>Maximize the window</title>
                    <attachments>
                        <attachment title='Screenshot' source='07654f57-1c48-4d98-8a26-c01ff5562da5-attachment.png' type='image/png' size='190489'/>
                    </attachments>
                    <steps/>
                </step>
            </steps>
            <attachments/>
            <failure>
                <message>element ("(//button[@type='button'][normalize-space()='Previous'])[1]") still not displayed after 5000ms</message>
                <stack-trace>Error: element ("(//button[@type='button'][normalize-space()='Previous'])[1]") still not displayed after 5000ms
                    at OMShomepages.goAndClickOnSalesReturn (/Users/shrinathmotappamirashi/Documents/seenu/qa-automation-oms/oms/oos/pages/omsSmokeData.js:1209:8)
                    at Context.&lt;anonymous> (/Users/shrinathmotappamirashi/Documents/seenu/qa-automation-oms/oms/oos/test/order_types_testing/upgradeOrder/forwardFlow.js:80:9)</stack-trace>
            </failure>
        </test-case>
    </test-cases>
</ns2:test-suite>