<?xml version='1.0'?>
<ns2:test-suite xmlns:ns2='urn:model.allure.qatools.yandex.ru' start='1669702877468' stop='1669702927810'>
    <name>Validating UKG Single order</name>
    <title>Validating UKG Single order</title>
    <test-cases>
        <test-case start='1669702877468' status='passed' stop='1669702882072'>
            <name>Adding json to collections for generating the Order Id</name>
            <title>Adding json to collections for generating the Order Id</title>
            <labels>
                <label name='language' value='javascript'/>
                <label name='framework' value='wdio'/>
                <label name='thread' value='0-0'/>
            </labels>
            <parameters>
                <parameter kind='argument' name='browser' value='chrome-107.0.5304.121'/>
            </parameters>
            <steps>
                <step start='1669702877469' status='undefined'>
                    <name>Adding order to Sales order Collection</name>
                    <title>Adding order to Sales order Collection</title>
                    <attachments/>
                    <steps>
                        <step start='1669702879479' status='undefined'>
                            <name>Adding order to Sales Sub order Collection</name>
                            <title>Adding order to Sales Sub order Collection</title>
                            <attachments/>
                            <steps>
                                <step start='1669702880775' status='passed' stop='1669702882070'>
                                    <name>Adding order to draft order Collection</name>
                                    <title>Adding order to draft order Collection</title>
                                    <attachments/>
                                    <steps/>
                                </step>
                            </steps>
                        </step>
                    </steps>
                </step>
            </steps>
            <attachments/>
        </test-case>
        <test-case start='1669702882072' status='passed' stop='1669702909159'>
            <name>log in into oms</name>
            <title>log in into oms</title>
            <labels>
                <label name='language' value='javascript'/>
                <label name='framework' value='wdio'/>
                <label name='thread' value='0-0'/>
            </labels>
            <parameters>
                <parameter kind='argument' name='browser' value='chrome-107.0.5304.121'/>
            </parameters>
            <steps>
                <step start='1669702882073' status='undefined'>
                    <name>Maximize the window</name>
                    <title>Maximize the window</title>
                    <attachments/>
                    <steps>
                        <step start='1669702882207' status='passed' stop='1669702884797'>
                            <name>Open Byjus OMS page</name>
                            <title>Open Byjus OMS page</title>
                            <attachments/>
                            <steps/>
                        </step>
                        <step start='1669702884797' status='undefined'>
                            <name>Login to the Home page</name>
                            <title>Login to the Home page</title>
                            <attachments/>
                            <steps/>
                        </step>
                    </steps>
                </step>
            </steps>
            <attachments/>
        </test-case>
        <test-case start='1669702909159' status='broken' stop='1669702919227'>
            <name>Verifying the Sales order Id details</name>
            <title>Verifying the Sales order Id details</title>
            <labels>
                <label name='language' value='javascript'/>
                <label name='framework' value='wdio'/>
                <label name='thread' value='0-0'/>
            </labels>
            <parameters>
                <parameter kind='argument' name='browser' value='chrome-107.0.5304.121'/>
            </parameters>
            <steps>
                <step start='1669702909160' status='broken' stop='1669702919227'>
                    <name>Verifying the Sales order Id details</name>
                    <title>Verifying the Sales order Id details</title>
                    <attachments/>
                    <steps/>
                </step>
            </steps>
            <attachments/>
            <failure>
                <message>waitUntil condition failed with the following reason: no such window: target window already closed
                from unknown error: web view not found
                  (Session info: chrome=107.0.5304.121)</message>
                <stack-trace>Error: waitUntil condition failed with the following reason: no such window: target window already closed
                from unknown error: web view not found
                  (Session info: chrome=107.0.5304.121)
                    at verifyOmsOrderDetails.openSoIdVerifyDetails (/Users/shrinathmotappamirashi/Documents/seenu/qa-automation-oms/oms/oos/pages/verifyOmsOrderDetails.js:253:9)
                    at Context.&lt;anonymous> (/Users/shrinathmotappamirashi/Documents/seenu/qa-automation-oms/oms/oos/test/tlp-orders/single-order/ukg-order/cbse/testTlpSingleClass1.js:43:9)</stack-trace>
            </failure>
        </test-case>
        <test-case start='1669702919227' status='broken' stop='1669702919234'>
            <name>Verify PID is generated</name>
            <title>Verify PID is generated</title>
            <labels>
                <label name='language' value='javascript'/>
                <label name='framework' value='wdio'/>
                <label name='thread' value='0-0'/>
            </labels>
            <parameters>
                <parameter kind='argument' name='browser' value='chrome-107.0.5304.121'/>
            </parameters>
            <steps>
                <step start='1669702919227' status='broken' stop='1669702919234'>
                    <name>Scroll to PID button</name>
                    <title>Scroll to PID button</title>
                    <attachments/>
                    <steps/>
                </step>
            </steps>
            <attachments/>
            <failure>
                <message>no such window: target window already closed
                from unknown error: web view not found
                  (Session info: chrome=107.0.5304.121)</message>
                <stack-trace>no such window: no such window: target window already closed
                from unknown error: web view not found
                  (Session info: chrome=107.0.5304.121)
                    at processTicksAndRejections (node:internal/process/task_queues:96:5)
                    at Context.&lt;anonymous> (/Users/shrinathmotappamirashi/Documents/seenu/qa-automation-oms/oms/oos/test/tlp-orders/single-order/ukg-order/cbse/testTlpSingleClass1.js:58:9)</stack-trace>
            </failure>
        </test-case>
        <test-case start='1669702919234' status='broken' stop='1669702919241'>
            <name>Verify the shipment skus and skus name</name>
            <title>Verify the shipment skus and skus name</title>
            <labels>
                <label name='language' value='javascript'/>
                <label name='framework' value='wdio'/>
                <label name='thread' value='0-0'/>
            </labels>
            <parameters>
                <parameter kind='argument' name='browser' value='chrome-107.0.5304.121'/>
            </parameters>
            <steps/>
            <attachments/>
            <failure>
                <message>no such window: target window already closed
                from unknown error: web view not found
                  (Session info: chrome=107.0.5304.121)</message>
                <stack-trace>no such window: no such window: target window already closed
                from unknown error: web view not found
                  (Session info: chrome=107.0.5304.121)
                    at processTicksAndRejections (node:internal/process/task_queues:96:5)
                    at Context.&lt;anonymous> (/Users/shrinathmotappamirashi/Documents/seenu/qa-automation-oms/oms/oos/test/tlp-orders/single-order/ukg-order/cbse/testTlpSingleClass1.js:69:9)</stack-trace>
            </failure>
        </test-case>
        <test-case start='1669702919241' status='passed' stop='1669702924960'>
            <name>Verify the sales skus and skus names</name>
            <title>Verify the sales skus and skus names</title>
            <labels>
                <label name='language' value='javascript'/>
                <label name='framework' value='wdio'/>
                <label name='thread' value='0-0'/>
            </labels>
            <parameters>
                <parameter kind='argument' name='browser' value='chrome-107.0.5304.121'/>
            </parameters>
            <steps>
                <step start='1669702921981' status='undefined'>
                    <name>Validate the sales sku's</name>
                    <title>Validate the sales sku's</title>
                    <attachments/>
                    <steps>
                        <step start='1669702921983' status='undefined'>
                            <name>Validatation done for sales sku's</name>
                            <title>Validatation done for sales sku's</title>
                            <attachments/>
                            <steps>
                                <step start='1669702921983' status='undefined'>
                                    <name>Validate the shipment sku's names</name>
                                    <title>Validate the shipment sku's names</title>
                                    <attachments/>
                                    <steps>
                                        <step start='1669702924960' status='passed' stop='1669702924960'>
                                            <name>Validatation done for shipment sku's names</name>
                                            <title>Validatation done for shipment sku's names</title>
                                            <attachments/>
                                            <steps/>
                                        </step>
                                    </steps>
                                </step>
                            </steps>
                        </step>
                    </steps>
                </step>
            </steps>
            <attachments/>
        </test-case>
        <test-case start='1669702924960' status='broken' stop='1669702924977'>
            <name>Verifying changing the status to Confirmed and Verify the order status history</name>
            <title>Verifying changing the status to Confirmed and Verify the order status history</title>
            <labels>
                <label name='language' value='javascript'/>
                <label name='framework' value='wdio'/>
                <label name='thread' value='0-0'/>
            </labels>
            <parameters>
                <parameter kind='argument' name='browser' value='chrome-107.0.5304.121'/>
            </parameters>
            <steps>
                <step start='1669702924961' status='broken' stop='1669702924977'>
                    <name>Verify change status to Confirmed and verify order status history</name>
                    <title>Verify change status to Confirmed and verify order status history</title>
                    <attachments/>
                    <steps/>
                </step>
            </steps>
            <attachments/>
            <failure>
                <message>no such window: target window already closed
                from unknown error: web view not found
                  (Session info: chrome=107.0.5304.121)</message>
                <stack-trace>no such window: no such window: target window already closed
                from unknown error: web view not found
                  (Session info: chrome=107.0.5304.121)
                    at processTicksAndRejections (node:internal/process/task_queues:96:5)
                    at verifyOmsOrderDetails.statusConfirmedAndVerifyOrderStatusHistory (/Users/shrinathmotappamirashi/Documents/seenu/qa-automation-oms/oms/oos/pages/verifyOmsOrderDetails.js:278:9)
                    at Context.&lt;anonymous> (/Users/shrinathmotappamirashi/Documents/seenu/qa-automation-oms/oms/oos/test/tlp-orders/single-order/ukg-order/cbse/testTlpSingleClass1.js:111:9)</stack-trace>
            </failure>
        </test-case>
        <test-case start='1669702924977' status='broken' stop='1669702924988'>
            <name>Verifying the order details and payment values from UI are equal to the values in Kart collection</name>
            <title>Verifying the order details and payment values from UI are equal to the values in Kart collection</title>
            <labels>
                <label name='language' value='javascript'/>
                <label name='framework' value='wdio'/>
                <label name='thread' value='0-0'/>
            </labels>
            <parameters>
                <parameter kind='argument' name='browser' value='chrome-107.0.5304.121'/>
            </parameters>
            <steps>
                <step start='1669702924977' status='broken' stop='1669702924988'>
                    <name>Maximize the window</name>
                    <title>Maximize the window</title>
                    <attachments/>
                    <steps/>
                </step>
            </steps>
            <attachments/>
            <failure>
                <message>no such window: target window already closed
                from unknown error: web view not found
                  (Session info: chrome=107.0.5304.121)</message>
                <stack-trace>no such window: no such window: target window already closed
                from unknown error: web view not found
                  (Session info: chrome=107.0.5304.121)
                    at processTicksAndRejections (node:internal/process/task_queues:96:5)
                    at Context.&lt;anonymous> (/Users/shrinathmotappamirashi/Documents/seenu/qa-automation-oms/oms/oos/test/tlp-orders/single-order/ukg-order/cbse/testTlpSingleClass1.js:117:9)</stack-trace>
            </failure>
        </test-case>
        <test-case start='1669702924988' status='broken' stop='1669702927785'>
            <name>Verify sales and customer details</name>
            <title>Verify sales and customer details</title>
            <labels>
                <label name='language' value='javascript'/>
                <label name='framework' value='wdio'/>
                <label name='thread' value='0-0'/>
            </labels>
            <parameters>
                <parameter kind='argument' name='browser' value='chrome-107.0.5304.121'/>
            </parameters>
            <steps>
                <step start='1669702924989' status='broken' stop='1669702927785'>
                    <name>Get address details from draft order Id collection</name>
                    <title>Get address details from draft order Id collection</title>
                    <attachments/>
                    <steps>
                        <step start='1669702926253' status='broken' stop='1669702927785'>
                            <name>Get customer details from draft order Id collection</name>
                            <title>Get customer details from draft order Id collection</title>
                            <attachments/>
                            <steps>
                                <step start='1669702927771' status='broken' stop='1669702927785'>
                                    <name>Copy sales and customer details from UI</name>
                                    <title>Copy sales and customer details from UI</title>
                                    <attachments/>
                                    <steps/>
                                </step>
                            </steps>
                        </step>
                    </steps>
                </step>
            </steps>
            <attachments/>
            <failure>
                <message>no such window: target window already closed
                from unknown error: web view not found
                  (Session info: chrome=107.0.5304.121)</message>
                <stack-trace>no such window: no such window: target window already closed
                from unknown error: web view not found
                  (Session info: chrome=107.0.5304.121)
                    at processTicksAndRejections (node:internal/process/task_queues:96:5)
                    at verifyOmsOrderDetails.verifySalesAndCustomerDetails (/Users/shrinathmotappamirashi/Documents/seenu/qa-automation-oms/oms/oos/pages/verifyOmsOrderDetails.js:359:9)
                    at Context.&lt;anonymous> (/Users/shrinathmotappamirashi/Documents/seenu/qa-automation-oms/oms/oos/test/tlp-orders/single-order/ukg-order/cbse/testTlpSingleClass1.js:136:21)</stack-trace>
            </failure>
        </test-case>
        <test-case start='1669702927786' status='broken' stop='1669702927800'>
            <name>Verify raise priority option</name>
            <title>Verify raise priority option</title>
            <labels>
                <label name='language' value='javascript'/>
                <label name='framework' value='wdio'/>
                <label name='thread' value='0-0'/>
            </labels>
            <parameters>
                <parameter kind='argument' name='browser' value='chrome-107.0.5304.121'/>
            </parameters>
            <steps>
                <step start='1669702927787' status='broken' stop='1669702927800'>
                    <name>Verify raise priority option</name>
                    <title>Verify raise priority option</title>
                    <attachments/>
                    <steps/>
                </step>
            </steps>
            <attachments/>
            <failure>
                <message>no such window: target window already closed
                from unknown error: web view not found
                  (Session info: chrome=107.0.5304.121)</message>
                <stack-trace>no such window: no such window: target window already closed
                from unknown error: web view not found
                  (Session info: chrome=107.0.5304.121)
                    at processTicksAndRejections (node:internal/process/task_queues:96:5)
                    at verifyOmsOrderDetails.raisePriorityAndVerify (/Users/shrinathmotappamirashi/Documents/seenu/qa-automation-oms/oms/oos/pages/verifyOmsOrderDetails.js:415:9)
                    at Context.&lt;anonymous> (/Users/shrinathmotappamirashi/Documents/seenu/qa-automation-oms/oms/oos/test/tlp-orders/single-order/ukg-order/cbse/testTlpSingleClass1.js:146:9)</stack-trace>
            </failure>
        </test-case>
        <test-case start='1669702927801' status='broken' stop='1669702927810'>
            <name>Verify the sum of sku values should match the sub total amount</name>
            <title>Verify the sum of sku values should match the sub total amount</title>
            <labels>
                <label name='language' value='javascript'/>
                <label name='framework' value='wdio'/>
                <label name='thread' value='0-0'/>
            </labels>
            <parameters>
                <parameter kind='argument' name='browser' value='chrome-107.0.5304.121'/>
            </parameters>
            <steps>
                <step start='1669702927801' status='broken' stop='1669702927810'>
                    <name>Wait for Toggle button to be Clickable</name>
                    <title>Wait for Toggle button to be Clickable</title>
                    <attachments/>
                    <steps/>
                </step>
            </steps>
            <attachments/>
            <failure>
                <message>no such window: target window already closed
                from unknown error: web view not found
                  (Session info: chrome=107.0.5304.121)</message>
                <stack-trace>no such window: no such window: target window already closed
                from unknown error: web view not found
                  (Session info: chrome=107.0.5304.121)
                    at runMicrotasks (&lt;anonymous>)
                    at processTicksAndRejections (node:internal/process/task_queues:96:5)
                    at Context.&lt;anonymous> (/Users/shrinathmotappamirashi/Documents/seenu/qa-automation-oms/oms/oos/test/tlp-orders/single-order/ukg-order/cbse/testTlpSingleClass1.js:152:9)</stack-trace>
            </failure>
        </test-case>
    </test-cases>
</ns2:test-suite>