<?xml version='1.0'?>
<ns2:test-suite xmlns:ns2='urn:model.allure.qatools.yandex.ru' start='1671018684310' stop='1671018727098'>
    <name>Validating grade 4 Single order</name>
    <title>Validating grade 4 Single order</title>
    <test-cases>
        <test-case start='1671018684310' status='passed' stop='1671018690684'>
            <name>Adding json to collections for generating the Order Id</name>
            <title>Adding json to collections for generating the Order Id</title>
            <labels>
                <label name='language' value='javascript'/>
                <label name='framework' value='wdio'/>
                <label name='thread' value='0-0'/>
            </labels>
            <parameters>
                <parameter kind='argument' name='browser' value='chrome-108.0.5359.98'/>
            </parameters>
            <steps>
                <step start='1671018684310' status='undefined'>
                    <name>Adding order to Sales order Collection</name>
                    <title>Adding order to Sales order Collection</title>
                    <attachments/>
                    <steps>
                        <step start='1671018686905' status='undefined'>
                            <name>Adding order to Sales Sub order Collection</name>
                            <title>Adding order to Sales Sub order Collection</title>
                            <attachments/>
                            <steps>
                                <step start='1671018688753' status='passed' stop='1671018690683'>
                                    <name>Adding order to draft order Collection</name>
                                    <title>Adding order to draft order Collection</title>
                                    <attachments/>
                                    <steps/>
                                </step>
                            </steps>
                        </step>
                    </steps>
                </step>
            </steps>
            <attachments/>
        </test-case>
        <test-case start='1671018690685' status='passed' stop='1671018715615'>
            <name>log in into oms</name>
            <title>log in into oms</title>
            <labels>
                <label name='language' value='javascript'/>
                <label name='framework' value='wdio'/>
                <label name='thread' value='0-0'/>
            </labels>
            <parameters>
                <parameter kind='argument' name='browser' value='chrome-108.0.5359.98'/>
            </parameters>
            <steps>
                <step start='1671018690685' status='undefined'>
                    <name>Maximize the window</name>
                    <title>Maximize the window</title>
                    <attachments/>
                    <steps>
                        <step start='1671018691094' status='passed' stop='1671018694188'>
                            <name>Open Byjus OMS page</name>
                            <title>Open Byjus OMS page</title>
                            <attachments/>
                            <steps/>
                        </step>
                        <step start='1671018694188' status='undefined'>
                            <name>Login to the Home page</name>
                            <title>Login to the Home page</title>
                            <attachments/>
                            <steps/>
                        </step>
                    </steps>
                </step>
            </steps>
            <attachments/>
        </test-case>
        <test-case start='1671018715616' status='broken' stop='1671018715777'>
            <name>Verifying the Sales order Id details</name>
            <title>Verifying the Sales order Id details</title>
            <labels>
                <label name='language' value='javascript'/>
                <label name='framework' value='wdio'/>
                <label name='thread' value='0-0'/>
            </labels>
            <parameters>
                <parameter kind='argument' name='browser' value='chrome-108.0.5359.98'/>
            </parameters>
            <steps>
                <step start='1671018715616' status='broken' stop='1671018715777'>
                    <name>Verifying the Sales order Id details</name>
                    <title>Verifying the Sales order Id details</title>
                    <attachments>
                        <attachment title='Screenshot' source='d6772706-b384-473f-bb9a-b11489fe7ef2-attachment.png' type='image/png' size='178721'/>
                    </attachments>
                    <steps/>
                </step>
            </steps>
            <attachments/>
            <failure>
                <message>this.ordersTab.waitForClickable is not a function</message>
                <stack-trace>TypeError: this.ordersTab.waitForClickable is not a function
                    at verifyOmsOrderDetails.openSoIdVerifyDetails (/Users/shrinathmotappamirashi/Documents/seenu/qa-automation-oms/oms/oos/pages/verifyOmsOrderDetails.js:257:30)
                    at Context.&lt;anonymous> (/Users/shrinathmotappamirashi/Documents/seenu/qa-automation-oms/oms/oos/test/tlp-orders/single-order/ukg-order/cbse/testTlpSingleClass6.js:43:37)</stack-trace>
            </failure>
        </test-case>
        <test-case start='1671018715778' status='broken' stop='1671018715927'>
            <name>Verify the shipment skus and skus name</name>
            <title>Verify the shipment skus and skus name</title>
            <labels>
                <label name='language' value='javascript'/>
                <label name='framework' value='wdio'/>
                <label name='thread' value='0-0'/>
            </labels>
            <parameters>
                <parameter kind='argument' name='browser' value='chrome-108.0.5359.98'/>
            </parameters>
            <steps/>
            <attachments>
                <attachment title='Screenshot' source='4c7ae992-d314-45a6-9abf-cb853106c6ca-attachment.png' type='image/png' size='178721'/>
            </attachments>
            <failure>
                <message>_verifyOmsOrderDetails.default.toggleToSalesSku.click is not a function</message>
                <stack-trace>TypeError: _verifyOmsOrderDetails.default.toggleToSalesSku.click is not a function
                    at Context.&lt;anonymous> (/Users/shrinathmotappamirashi/Documents/seenu/qa-automation-oms/oms/oos/test/tlp-orders/single-order/ukg-order/cbse/testTlpSingleClass6.js:69:54)</stack-trace>
            </failure>
        </test-case>
        <test-case start='1671018715927' status='passed' stop='1671018722887'>
            <name>Verify the sales skus and skus names</name>
            <title>Verify the sales skus and skus names</title>
            <labels>
                <label name='language' value='javascript'/>
                <label name='framework' value='wdio'/>
                <label name='thread' value='0-0'/>
            </labels>
            <parameters>
                <parameter kind='argument' name='browser' value='chrome-108.0.5359.98'/>
            </parameters>
            <steps>
                <step start='1671018719408' status='undefined'>
                    <name>Validate the sales sku's</name>
                    <title>Validate the sales sku's</title>
                    <attachments/>
                    <steps>
                        <step start='1671018719410' status='undefined'>
                            <name>Validatation done for sales sku's</name>
                            <title>Validatation done for sales sku's</title>
                            <attachments/>
                            <steps>
                                <step start='1671018719410' status='undefined'>
                                    <name>Validate the shipment sku's names</name>
                                    <title>Validate the shipment sku's names</title>
                                    <attachments/>
                                    <steps>
                                        <step start='1671018722886' status='passed' stop='1671018722887'>
                                            <name>Validatation done for shipment sku's names</name>
                                            <title>Validatation done for shipment sku's names</title>
                                            <attachments/>
                                            <steps/>
                                        </step>
                                    </steps>
                                </step>
                            </steps>
                        </step>
                    </steps>
                </step>
            </steps>
            <attachments/>
        </test-case>
        <test-case start='1671018722887' status='broken' stop='1671018723077'>
            <name>Verifying changing the status to Confirmed and Verify the order status history</name>
            <title>Verifying changing the status to Confirmed and Verify the order status history</title>
            <labels>
                <label name='language' value='javascript'/>
                <label name='framework' value='wdio'/>
                <label name='thread' value='0-0'/>
            </labels>
            <parameters>
                <parameter kind='argument' name='browser' value='chrome-108.0.5359.98'/>
            </parameters>
            <steps>
                <step start='1671018722888' status='broken' stop='1671018723077'>
                    <name>Verify change status to Confirmed and verify order status history</name>
                    <title>Verify change status to Confirmed and verify order status history</title>
                    <attachments>
                        <attachment title='Screenshot' source='0e5af42d-b178-415c-9110-e5c253159dce-attachment.png' type='image/png' size='178721'/>
                    </attachments>
                    <steps/>
                </step>
            </steps>
            <attachments/>
            <failure>
                <message>this.ordersTab.waitForDisplayed is not a function</message>
                <stack-trace>TypeError: this.ordersTab.waitForDisplayed is not a function
                    at verifyOmsOrderDetails.statusConfirmedAndVerifyOrderStatusHistory (/Users/shrinathmotappamirashi/Documents/seenu/qa-automation-oms/oms/oos/pages/verifyOmsOrderDetails.js:282:30)
                    at Context.&lt;anonymous> (/Users/shrinathmotappamirashi/Documents/seenu/qa-automation-oms/oms/oos/test/tlp-orders/single-order/ukg-order/cbse/testTlpSingleClass6.js:111:37)</stack-trace>
            </failure>
        </test-case>
        <test-case start='1671018723077' status='broken' stop='1671018723224'>
            <name>Verifying the order details and payment values from UI are equal to the values in Kart collection</name>
            <title>Verifying the order details and payment values from UI are equal to the values in Kart collection</title>
            <labels>
                <label name='language' value='javascript'/>
                <label name='framework' value='wdio'/>
                <label name='thread' value='0-0'/>
            </labels>
            <parameters>
                <parameter kind='argument' name='browser' value='chrome-108.0.5359.98'/>
            </parameters>
            <steps>
                <step start='1671018723077' status='broken' stop='1671018723224'>
                    <name>Maximize the window</name>
                    <title>Maximize the window</title>
                    <attachments>
                        <attachment title='Screenshot' source='d2f55f0e-8fe7-4cd1-a5fb-607b2ee8515e-attachment.png' type='image/png' size='178721'/>
                    </attachments>
                    <steps/>
                </step>
            </steps>
            <attachments/>
            <failure>
                <message>this.ordersTab.waitForClickable is not a function</message>
                <stack-trace>TypeError: this.ordersTab.waitForClickable is not a function
                    at verifyOmsOrderDetails.openSoIdVerifyDetails (/Users/shrinathmotappamirashi/Documents/seenu/qa-automation-oms/oms/oos/pages/verifyOmsOrderDetails.js:257:30)
                    at Context.&lt;anonymous> (/Users/shrinathmotappamirashi/Documents/seenu/qa-automation-oms/oms/oos/test/tlp-orders/single-order/ukg-order/cbse/testTlpSingleClass6.js:118:37)
                    at processTicksAndRejections (node:internal/process/task_queues:96:5)</stack-trace>
            </failure>
        </test-case>
        <test-case start='1671018723224' status='broken' stop='1671018726943'>
            <name>Verify sales and customer details</name>
            <title>Verify sales and customer details</title>
            <labels>
                <label name='language' value='javascript'/>
                <label name='framework' value='wdio'/>
                <label name='thread' value='0-0'/>
            </labels>
            <parameters>
                <parameter kind='argument' name='browser' value='chrome-108.0.5359.98'/>
            </parameters>
            <steps>
                <step start='1671018723224' status='broken' stop='1671018726943'>
                    <name>Get address details from draft order Id collection</name>
                    <title>Get address details from draft order Id collection</title>
                    <attachments/>
                    <steps>
                        <step start='1671018724875' status='broken' stop='1671018726943'>
                            <name>Get customer details from draft order Id collection</name>
                            <title>Get customer details from draft order Id collection</title>
                            <attachments/>
                            <steps>
                                <step start='1671018726751' status='broken' stop='1671018726943'>
                                    <name>Copy sales and customer details from UI</name>
                                    <title>Copy sales and customer details from UI</title>
                                    <attachments>
                                        <attachment title='Screenshot' source='5147f9d1-ba88-4cd8-9a62-a744d4699c4f-attachment.png' type='image/png' size='178721'/>
                                    </attachments>
                                    <steps/>
                                </step>
                            </steps>
                        </step>
                    </steps>
                </step>
            </steps>
            <attachments/>
            <failure>
                <message>this.btnSalesAndCustomerDetails.waitForClickable is not a function</message>
                <stack-trace>TypeError: this.btnSalesAndCustomerDetails.waitForClickable is not a function
                    at verifyOmsOrderDetails.verifySalesAndCustomerDetails (/Users/shrinathmotappamirashi/Documents/seenu/qa-automation-oms/oms/oos/pages/verifyOmsOrderDetails.js:363:47)
                    at Context.&lt;anonymous> (/Users/shrinathmotappamirashi/Documents/seenu/qa-automation-oms/oms/oos/test/tlp-orders/single-order/ukg-order/cbse/testTlpSingleClass6.js:136:49)
                    at processTicksAndRejections (node:internal/process/task_queues:96:5)</stack-trace>
            </failure>
        </test-case>
        <test-case start='1671018726943' status='broken' stop='1671018727097'>
            <name>Verify raise priority option</name>
            <title>Verify raise priority option</title>
            <labels>
                <label name='language' value='javascript'/>
                <label name='framework' value='wdio'/>
                <label name='thread' value='0-0'/>
            </labels>
            <parameters>
                <parameter kind='argument' name='browser' value='chrome-108.0.5359.98'/>
            </parameters>
            <steps>
                <step start='1671018726943' status='broken' stop='1671018727097'>
                    <name>Verify raise priority option</name>
                    <title>Verify raise priority option</title>
                    <attachments>
                        <attachment title='Screenshot' source='8a8c2d7b-d250-4220-8ddc-69f8158cf2d9-attachment.png' type='image/png' size='178721'/>
                    </attachments>
                    <steps/>
                </step>
            </steps>
            <attachments/>
            <failure>
                <message>this.ordersTab.waitForDisplayed is not a function</message>
                <stack-trace>TypeError: this.ordersTab.waitForDisplayed is not a function
                    at verifyOmsOrderDetails.raisePriorityAndVerify (/Users/shrinathmotappamirashi/Documents/seenu/qa-automation-oms/oms/oos/pages/verifyOmsOrderDetails.js:421:30)
                    at Context.&lt;anonymous> (/Users/shrinathmotappamirashi/Documents/seenu/qa-automation-oms/oms/oos/test/tlp-orders/single-order/ukg-order/cbse/testTlpSingleClass6.js:147:37)</stack-trace>
            </failure>
        </test-case>
    </test-cases>
</ns2:test-suite>