<?xml version='1.0'?>
<ns2:test-suite xmlns:ns2='urn:model.allure.qatools.yandex.ru' start='1673519284658' stop='1673519364910'>
    <name>btlp workflow</name>
    <title>btlp workflow</title>
    <test-cases>
        <test-case start='1673519284658' status='passed' stop='1673519290267'>
            <name>Adding json to collections for generating the Order Id</name>
            <title>Adding json to collections for generating the Order Id</title>
            <labels>
                <label name='language' value='javascript'/>
                <label name='framework' value='wdio'/>
                <label name='thread' value='0-0'/>
            </labels>
            <parameters>
                <parameter kind='argument' name='browser' value='chrome-108.0.5359.124'/>
            </parameters>
            <steps>
                <step start='1673519284700' status='undefined'>
                    <name>Adding order to Sales order Collection</name>
                    <title>Adding order to Sales order Collection</title>
                    <attachments/>
                    <steps>
                        <step start='1673519287225' status='undefined'>
                            <name>Adding order to Sales Sub order Collection</name>
                            <title>Adding order to Sales Sub order Collection</title>
                            <attachments/>
                            <steps>
                                <step start='1673519288627' status='passed' stop='1673519290266'>
                                    <name>Adding order to draft order Collection</name>
                                    <title>Adding order to draft order Collection</title>
                                    <attachments/>
                                    <steps/>
                                </step>
                            </steps>
                        </step>
                    </steps>
                </step>
            </steps>
            <attachments/>
        </test-case>
        <test-case start='1673519290267' status='broken' stop='1673519353055'>
            <name>btlp forward workflow</name>
            <title>btlp forward workflow</title>
            <labels>
                <label name='language' value='javascript'/>
                <label name='framework' value='wdio'/>
                <label name='thread' value='0-0'/>
            </labels>
            <parameters>
                <parameter kind='argument' name='browser' value='chrome-108.0.5359.124'/>
            </parameters>
            <steps>
                <step start='1673519290268' status='broken' stop='1673519353055'>
                    <name>Maximize the window</name>
                    <title>Maximize the window</title>
                    <attachments/>
                    <steps>
                        <step start='1673519290676' status='passed' stop='1673519295335'>
                            <name>Open Byjus OMS page</name>
                            <title>Open Byjus OMS page</title>
                            <attachments/>
                            <steps/>
                        </step>
                        <step start='1673519295335' status='broken' stop='1673519353055'>
                            <name>Login to the Home page</name>
                            <title>Login to the Home page</title>
                            <attachments/>
                            <steps>
                                <step start='1673519331857' status='broken' stop='1673519353055'>
                                    <name>Open SSO Id</name>
                                    <title>Open SSO Id</title>
                                    <attachments>
                                        <attachment title='Screenshot' source='b322acf6-4e35-4fb0-a9a5-ae5f8b3f540e-attachment.png' type='image/png' size='289346'/>
                                    </attachments>
                                    <steps/>
                                </step>
                            </steps>
                        </step>
                    </steps>
                </step>
            </steps>
            <attachments/>
            <failure>
                <message>element ("//button[normalize-space()='Confirm Order']") still not displayed after 5000ms</message>
                <stack-trace>Error: element ("//button[normalize-space()='Confirm Order']") still not displayed after 5000ms
                    at OMShomepages.openSSOIdAndConfirm (/Users/shrinathmotappamirashi/Documents/seenu/qa-automation-oms/oms/oos/pages/omsSmokeData.js:967:9)
                    at Context.&lt;anonymous> (/Users/shrinathmotappamirashi/Documents/seenu/qa-automation-oms/oms/oos/test/order_types_testing/upgradeOrder/forwardFlow.js:55:9)</stack-trace>
            </failure>
        </test-case>
        <test-case start='1673519353056' status='broken' stop='1673519364907'>
            <name>btlp reveres workflow</name>
            <title>btlp reveres workflow</title>
            <labels>
                <label name='language' value='javascript'/>
                <label name='framework' value='wdio'/>
                <label name='thread' value='0-0'/>
            </labels>
            <parameters>
                <parameter kind='argument' name='browser' value='chrome-108.0.5359.124'/>
            </parameters>
            <steps>
                <step start='1673519353056' status='broken' stop='1673519364907'>
                    <name>Maximize the window</name>
                    <title>Maximize the window</title>
                    <attachments/>
                    <steps>
                        <step start='1673519358846' status='broken' stop='1673519364907'>
                            <name>opening sales return module</name>
                            <title>opening sales return module</title>
                            <attachments/>
                            <steps/>
                        </step>
                    </steps>
                </step>
            </steps>
            <attachments/>
            <failure>
                <message>no such window: target window already closed
                from unknown error: web view not found
                  (Session info: chrome=108.0.5359.124)</message>
                <stack-trace>no such window: no such window: target window already closed
                from unknown error: web view not found
                  (Session info: chrome=108.0.5359.124)
                    at processTicksAndRejections (node:internal/process/task_queues:96:5)
                    at OMShomepages.goAndClickOnSalesReturn (/Users/shrinathmotappamirashi/Documents/seenu/qa-automation-oms/oms/oos/pages/omsSmokeData.js:1208:8)
                    at Context.&lt;anonymous> (/Users/shrinathmotappamirashi/Documents/seenu/qa-automation-oms/oms/oos/test/order_types_testing/upgradeOrder/forwardFlow.js:81:9)</stack-trace>
            </failure>
        </test-case>
    </test-cases>
</ns2:test-suite>